Log file open, 10/22/19 19:35:58
LogWindows: Failed to load 'aqProf.dll' (GetLastError=126)
LogWindows: File 'aqProf.dll' does not exist
LogWindows: Failed to load 'VtuneApi.dll' (GetLastError=126)
LogWindows: File 'VtuneApi.dll' does not exist
LogWindows: Failed to load 'VtuneApi32e.dll' (GetLastError=126)
LogWindows: File 'VtuneApi32e.dll' does not exist
LogConsoleResponse: Display: Failed to find resolution value strings in scalability ini. Falling back to default.
LogInit: Display: Running engine for game: MMartinSpoopy
LogPakFile: Registered encryption key '00000000000000000000000000000000': 0 pak files mounted, 0 remain pending
LogPlatformFile: Not using cached read wrapper
LogTaskGraph: Started task graph with 5 named threads and 23 total threads with 3 sets of task threads.
LogStats: Stats thread started at 0.715404
LogD3D11RHI: Loaded GFSDK_Aftermath_Lib.x64.dll
LogICUInternationalization: ICU TimeZone Detection - Raw Offset: -6:00, Platform Override: ''
LogPluginManager: Mounting plugin Paper2D
LogPluginManager: Mounting plugin AISupport
LogPluginManager: Mounting plugin LightPropagationVolume
LogPluginManager: Mounting plugin ActorLayerUtilities
LogPluginManager: Mounting plugin AnimationSharing
LogPluginManager: Mounting plugin CLionSourceCodeAccess
LogPluginManager: Mounting plugin CodeLiteSourceCodeAccess
LogPluginManager: Mounting plugin GitSourceControl
LogPluginManager: Mounting plugin KDevelopSourceCodeAccess
LogPluginManager: Mounting plugin NullSourceCodeAccess
LogPluginManager: Mounting plugin PerforceSourceControl
LogPluginManager: Mounting plugin SubversionSourceControl
LogPluginManager: Mounting plugin UObjectPlugin
LogPluginManager: Mounting plugin VisualStudioCodeSourceCodeAccess
LogPluginManager: Mounting plugin VisualStudioSourceCodeAccess
LogPluginManager: Mounting plugin XCodeSourceCodeAccess
LogPluginManager: Mounting plugin AssetManagerEditor
LogPluginManager: Mounting plugin CryptoKeys
LogPluginManager: Mounting plugin DataValidation
LogPluginManager: Mounting plugin FacialAnimation
LogPluginManager: Mounting plugin GameplayTagsEditor
LogPluginManager: Mounting plugin MacGraphicsSwitching
LogPluginManager: Mounting plugin MaterialAnalyzer
LogPluginManager: Mounting plugin MobileLauncherProfileWizard
LogPluginManager: Mounting plugin PluginBrowser
LogPluginManager: Mounting plugin SpeedTreeImporter
LogPluginManager: Mounting plugin DatasmithContent
LogPluginManager: Mounting plugin VariantManagerContent
LogPluginManager: Mounting plugin AlembicImporter
LogPluginManager: Mounting plugin AppleImageUtils
LogPluginManager: Mounting plugin AppleVision
LogPluginManager: Mounting plugin BackChannel
LogPluginManager: Mounting plugin CharacterAI
LogPluginManager: Mounting plugin GeometryCache
LogPluginManager: Mounting plugin HTML5Networking
LogPluginManager: Mounting plugin ProxyLODPlugin
LogPluginManager: Mounting plugin SkeletalReduction
LogPluginManager: Mounting plugin MagicLeap
LogPluginManager: Mounting plugin MagicLeapMedia
LogPluginManager: Mounting plugin AndroidMedia
LogPluginManager: Mounting plugin AvfMedia
LogPluginManager: Mounting plugin ImgMedia
LogPluginManager: Mounting plugin LinearTimecode
LogPluginManager: Mounting plugin MediaCompositing
LogPluginManager: Mounting plugin MediaPlayerEditor
LogPluginManager: Mounting plugin WebMMedia
LogPluginManager: Mounting plugin WmfMedia
LogPluginManager: Mounting plugin TcpMessaging
LogPluginManager: Mounting plugin UdpMessaging
LogPluginManager: Mounting plugin ActorSequence
LogPluginManager: Mounting plugin LevelSequenceEditor
LogPluginManager: Mounting plugin MatineeToLevelSequence
LogPluginManager: Mounting plugin NetcodeUnitTest
LogPluginManager: Mounting plugin NUTUnrealEngine4
LogPluginManager: Mounting plugin OnlineSubsystemGooglePlay
LogPluginManager: Mounting plugin OnlineSubsystemIOS
LogPluginManager: Mounting plugin OnlineSubsystem
LogPluginManager: Mounting plugin OnlineSubsystemNull
LogPluginManager: Mounting plugin OnlineSubsystemUtils
LogPluginManager: Mounting plugin LauncherChunkInstaller
LogPluginManager: Mounting plugin AndroidDeviceProfileSelector
LogPluginManager: Mounting plugin AndroidMoviePlayer
LogPluginManager: Mounting plugin AndroidPermission
LogPluginManager: Mounting plugin AppleMoviePlayer
LogPluginManager: Mounting plugin ArchVisCharacter
LogPluginManager: Mounting plugin AudioCapture
LogPluginManager: Mounting plugin CableComponent
LogPluginManager: Mounting plugin CustomMeshComponent
LogPluginManager: Mounting plugin EditableMesh
LogPluginManager: Mounting plugin ExampleDeviceProfileSelector
LogPluginManager: Mounting plugin Firebase
LogPluginManager: Mounting plugin GoogleCloudMessaging
LogPluginManager: Mounting plugin IOSDeviceProfileSelector
LogPluginManager: Mounting plugin LinuxDeviceProfileSelector
LogPluginManager: Mounting plugin LocationServicesBPLibrary
LogPluginManager: Mounting plugin MobilePatchingUtils
LogPluginManager: Mounting plugin OculusVR
LogPluginManager: Mounting plugin PhysXVehicles
LogPluginManager: Mounting plugin ProceduralMeshComponent
LogPluginManager: Mounting plugin RuntimePhysXCooking
LogPluginManager: Mounting plugin SignificanceManager
LogPluginManager: Mounting plugin SteamVR
LogPluginManager: Mounting plugin WebMMoviePlayer
LogPluginManager: Mounting plugin WindowsMoviePlayer
LogInit: Using libcurl 7.55.1-DEV
LogInit:  - built for x86_64-pc-win32
LogInit:  - supports SSL with OpenSSL/1.1.1
LogInit:  - supports HTTP deflate (compression) using libz 1.2.8
LogInit:  - other features:
LogInit:      CURL_VERSION_SSL
LogInit:      CURL_VERSION_LIBZ
LogInit:      CURL_VERSION_IPV6
LogInit:      CURL_VERSION_ASYNCHDNS
LogInit:      CURL_VERSION_LARGEFILE
LogInit:      CURL_VERSION_IDN
LogInit:  CurlRequestOptions (configurable via config and command line):
LogInit:  - bVerifyPeer = true  - Libcurl will verify peer certificate
LogInit:  - bUseHttpProxy = false  - Libcurl will NOT use HTTP proxy
LogInit:  - bDontReuseConnections = false  - Libcurl will reuse connections
LogInit:  - MaxHostConnections = 16  - Libcurl will limit the number of connections to a host
LogInit:  - LocalHostAddr = Default
LogInit:  - BufferSize = 65536
LogInit: WinSock: version 1.1 (2.2), MaxSocks=32767, MaxUdp=65467
LogHMD: Failed initializing OVRPlugin 1.32.0
LogInit: Build: ++UE4+Release-4.22-CL-7053642
LogInit: Engine Version: 4.22.3-7053642+++UE4+Release-4.22
LogInit: Compatible Engine Version: 4.22.0-5660361+++UE4+Release-4.22
LogInit: Net CL: 5660361
LogInit: OS: Windows 10 (Release 1803) (), CPU: Intel(R) Core(TM) i7-4770 CPU @ 3.40GHz, GPU: AMD Radeon HD 8570
LogInit: Compiled (64-bit): Jun 18 2019 03:09:11
LogInit: Compiled with Visual C++: 19.16.27025.01
LogInit: Build Configuration: Development
LogInit: Branch Name: ++UE4+Release-4.22
LogInit: Command Line: 
LogInit: Base Directory: C:/UE_4.22/Engine/Binaries/Win64/
LogInit: Installed Engine Build: 1
LogDevObjectVersion: Number of dev versions registered: 23
LogDevObjectVersion:   Dev-Blueprints (B0D832E4-1F89-4F0D-ACCF-7EB736FD4AA2): 10
LogDevObjectVersion:   Dev-Build (E1C64328-A22C-4D53-A36C-8E866417BD8C): 0
LogDevObjectVersion:   Dev-Core (375EC13C-06E4-48FB-B500-84F0262A717E): 3
LogDevObjectVersion:   Dev-Editor (E4B068ED-F494-42E9-A231-DA0B2E46BB41): 30
LogDevObjectVersion:   Dev-Framework (CFFC743F-43B0-4480-9391-14DF171D2073): 35
LogDevObjectVersion:   Dev-Mobile (B02B49B5-BB20-44E9-A304-32B752E40360): 2
LogDevObjectVersion:   Dev-Networking (A4E4105C-59A1-49B5-A7C5-40C4547EDFEE): 0
LogDevObjectVersion:   Dev-Online (39C831C9-5AE6-47DC-9A44-9C173E1C8E7C): 0
LogDevObjectVersion:   Dev-Physics (78F01B33-EBEA-4F98-B9B4-84EACCB95AA2): 0
LogDevObjectVersion:   Dev-Platform (6631380F-2D4D-43E0-8009-CF276956A95A): 0
LogDevObjectVersion:   Dev-Rendering (12F88B9F-8875-4AFC-A67C-D90C383ABD29): 28
LogDevObjectVersion:   Dev-Sequencer (7B5AE74C-D270-4C10-A958-57980B212A5A): 11
LogDevObjectVersion:   Dev-VR (D7296918-1DD6-4BDD-9DE2-64A83CC13884): 2
LogDevObjectVersion:   Dev-LoadTimes (C2A15278-BFE7-4AFE-6C17-90FF531DF755): 1
LogDevObjectVersion:   Private-Geometry (6EACA3D4-40EC-4CC1-B786-8BED09428FC5): 3
LogDevObjectVersion:   Dev-AnimPhys (29E575DD-E0A3-4627-9D10-D276232CDCEA): 17
LogDevObjectVersion:   Dev-Anim (AF43A65D-7FD3-4947-9873-3E8ED9C1BB05): 2
LogDevObjectVersion:   Dev-ReflectionCapture (6B266CEC-1EC7-4B8F-A30B-E4D90942FC07): 1
LogDevObjectVersion:   Dev-Automation (0DF73D61-A23F-47EA-B727-89E90C41499A): 1
LogDevObjectVersion:   FortniteMain (601D1886-AC64-4F84-AA16-D3DE0DEAC7D6): 25
LogDevObjectVersion:   Dev-Enterprise (9DFFBCD6-494F-0158-E221-12823C92A888): 6
LogDevObjectVersion:   Dev-Niagara (F2AED0AC-9AFE-416F-8664-AA7FFA26D6FC): 1
LogDevObjectVersion:   Dev-Destruction (174F1F0B-B4C6-45A5-B13F-2EE8D0FB917D): 2
LogInit: Presizing for max 16777216 objects, including 0 objects not considered by GC, pre-allocating 0 bytes for permanent pool.
LogInit: Object subsystem initialized
LogConfig: Setting CVar [[con.DebugEarlyDefault:1]]
LogConfig: Setting CVar [[r.setres:1280x720]]
[2019.10.23-00.35.59:566][  0]LogConfig: Setting CVar [[r.VSync:0]]
[2019.10.23-00.35.59:566][  0]LogConfig: Setting CVar [[r.RHICmdBypass:0]]
[2019.10.23-00.35.59:566][  0]LogConfig: Applying CVar settings from Section [/Script/Engine.RendererSettings] File [E:/level design 2 stuff/github stuff/spoopylevel/MMartinSpoopy/Saved/Config/Windows/Engine.ini]
[2019.10.23-00.35.59:566][  0]LogConfig: Setting CVar [[r.GPUCrashDebugging:0]]
[2019.10.23-00.35.59:566][  0]LogConfig: Applying CVar settings from Section [/Script/Engine.RendererOverrideSettings] File [E:/level design 2 stuff/github stuff/spoopylevel/MMartinSpoopy/Saved/Config/Windows/Engine.ini]
[2019.10.23-00.35.59:566][  0]LogConfig: Applying CVar settings from Section [/Script/Engine.StreamingSettings] File [E:/level design 2 stuff/github stuff/spoopylevel/MMartinSpoopy/Saved/Config/Windows/Engine.ini]
[2019.10.23-00.35.59:566][  0]LogConfig: Setting CVar [[s.MinBulkDataSizeForAsyncLoading:131072]]
[2019.10.23-00.35.59:566][  0]LogConfig: Setting CVar [[s.AsyncLoadingThreadEnabled:0]]
[2019.10.23-00.35.59:566][  0]LogConfig: Setting CVar [[s.EventDrivenLoaderEnabled:1]]
[2019.10.23-00.35.59:566][  0]LogConfig: Setting CVar [[s.WarnIfTimeLimitExceeded:0]]
[2019.10.23-00.35.59:566][  0]LogConfig: Setting CVar [[s.TimeLimitExceededMultiplier:1.5]]
[2019.10.23-00.35.59:566][  0]LogConfig: Setting CVar [[s.TimeLimitExceededMinTime:0.005]]
[2019.10.23-00.35.59:566][  0]LogConfig: Setting CVar [[s.UseBackgroundLevelStreaming:1]]
[2019.10.23-00.35.59:566][  0]LogConfig: Setting CVar [[s.PriorityAsyncLoadingExtraTime:15.0]]
[2019.10.23-00.35.59:566][  0]LogConfig: Setting CVar [[s.LevelStreamingActorsUpdateTimeLimit:5.0]]
[2019.10.23-00.35.59:566][  0]LogConfig: Setting CVar [[s.PriorityLevelStreamingActorsUpdateExtraTime:5.0]]
[2019.10.23-00.35.59:566][  0]LogConfig: Setting CVar [[s.LevelStreamingComponentsRegistrationGranularity:10]]
[2019.10.23-00.35.59:566][  0]LogConfig: Setting CVar [[s.UnregisterComponentsTimeLimit:1.0]]
[2019.10.23-00.35.59:566][  0]LogConfig: Setting CVar [[s.LevelStreamingComponentsUnregistrationGranularity:5]]
[2019.10.23-00.35.59:566][  0]LogConfig: Applying CVar settings from Section [/Script/Engine.GarbageCollectionSettings] File [E:/level design 2 stuff/github stuff/spoopylevel/MMartinSpoopy/Saved/Config/Windows/Engine.ini]
[2019.10.23-00.35.59:566][  0]LogConfig: Setting CVar [[gc.MaxObjectsNotConsideredByGC:1]]
[2019.10.23-00.35.59:566][  0]LogConfig: Setting CVar [[gc.SizeOfPermanentObjectPool:0]]
[2019.10.23-00.35.59:566][  0]LogConfig: Setting CVar [[gc.FlushStreamingOnGC:0]]
[2019.10.23-00.35.59:566][  0]LogConfig: Setting CVar [[gc.NumRetriesBeforeForcingGC:10]]
[2019.10.23-00.35.59:566][  0]LogConfig: Setting CVar [[gc.AllowParallelGC:1]]
[2019.10.23-00.35.59:566][  0]LogConfig: Setting CVar [[gc.TimeBetweenPurgingPendingKillObjects:61.1]]
[2019.10.23-00.35.59:566][  0]LogConfig: Setting CVar [[gc.MaxObjectsInEditor:16777216]]
[2019.10.23-00.35.59:566][  0]LogConfig: Setting CVar [[gc.IncrementalBeginDestroyEnabled:1]]
[2019.10.23-00.35.59:566][  0]LogConfig: Setting CVar [[gc.CreateGCClusters:1]]
[2019.10.23-00.35.59:566][  0]LogConfig: Setting CVar [[gc.MinGCClusterSize:5]]
[2019.10.23-00.35.59:566][  0]LogConfig: Setting CVar [[gc.ActorClusteringEnabled:0]]
[2019.10.23-00.35.59:566][  0]LogConfig: Setting CVar [[gc.BlueprintClusteringEnabled:0]]
[2019.10.23-00.35.59:566][  0]LogConfig: Setting CVar [[gc.UseDisregardForGCOnDedicatedServers:0]]
[2019.10.23-00.35.59:566][  0]LogConfig: Applying CVar settings from Section [/Script/Engine.NetworkSettings] File [E:/level design 2 stuff/github stuff/spoopylevel/MMartinSpoopy/Saved/Config/Windows/Engine.ini]
[2019.10.23-00.35.59:566][  0]LogConfig: Applying CVar settings from Section [/Script/UnrealEd.CookerSettings] File [E:/level design 2 stuff/github stuff/spoopylevel/MMartinSpoopy/Saved/Config/Windows/Engine.ini]
[2019.10.23-00.35.59:568][  0]LogConfig: Applying CVar settings from Section [ViewDistanceQuality@3] File [E:/level design 2 stuff/github stuff/spoopylevel/MMartinSpoopy/Saved/Config/Windows/Scalability.ini]
[2019.10.23-00.35.59:568][  0]LogConfig: Setting CVar [[r.SkeletalMeshLODBias:0]]
[2019.10.23-00.35.59:568][  0]LogConfig: Setting CVar [[r.ViewDistanceScale:1.0]]
[2019.10.23-00.35.59:568][  0]LogConfig: Applying CVar settings from Section [AntiAliasingQuality@3] File [E:/level design 2 stuff/github stuff/spoopylevel/MMartinSpoopy/Saved/Config/Windows/Scalability.ini]
[2019.10.23-00.35.59:568][  0]LogConfig: Setting CVar [[r.PostProcessAAQuality:4]]
[2019.10.23-00.35.59:568][  0]LogConfig: Applying CVar settings from Section [ShadowQuality@3] File [E:/level design 2 stuff/github stuff/spoopylevel/MMartinSpoopy/Saved/Config/Windows/Scalability.ini]
[2019.10.23-00.35.59:568][  0]LogConfig: Setting CVar [[r.LightFunctionQuality:1]]
[2019.10.23-00.35.59:568][  0]LogConfig: Setting CVar [[r.ShadowQuality:5]]
[2019.10.23-00.35.59:568][  0]LogConfig: Setting CVar [[r.Shadow.CSM.MaxCascades:10]]
[2019.10.23-00.35.59:568][  0]LogConfig: Setting CVar [[r.Shadow.MaxResolution:2048]]
[2019.10.23-00.35.59:568][  0]LogConfig: Setting CVar [[r.Shadow.MaxCSMResolution:2048]]
[2019.10.23-00.35.59:568][  0]LogConfig: Setting CVar [[r.Shadow.RadiusThreshold:0.01]]
[2019.10.23-00.35.59:568][  0]LogConfig: Setting CVar [[r.Shadow.DistanceScale:1.0]]
[2019.10.23-00.35.59:568][  0]LogConfig: Setting CVar [[r.Shadow.CSM.TransitionScale:1.0]]
[2019.10.23-00.35.59:568][  0]LogConfig: Setting CVar [[r.Shadow.PreShadowResolutionFactor:1.0]]
[2019.10.23-00.35.59:568][  0]LogConfig: Setting CVar [[r.DistanceFieldShadowing:1]]
[2019.10.23-00.35.59:568][  0]LogConfig: Setting CVar [[r.DistanceFieldAO:1]]
[2019.10.23-00.35.59:568][  0]LogConfig: Setting CVar [[r.AOQuality:2]]
[2019.10.23-00.35.59:568][  0]LogConfig: Setting CVar [[r.VolumetricFog:1]]
[2019.10.23-00.35.59:568][  0]LogConfig: Setting CVar [[r.VolumetricFog.GridPixelSize:8]]
[2019.10.23-00.35.59:568][  0]LogConfig: Setting CVar [[r.VolumetricFog.GridSizeZ:128]]
[2019.10.23-00.35.59:568][  0]LogConfig: Setting CVar [[r.VolumetricFog.HistoryMissSupersampleCount:4]]
[2019.10.23-00.35.59:568][  0]LogConfig: Setting CVar [[r.LightMaxDrawDistanceScale:1]]
[2019.10.23-00.35.59:568][  0]LogConfig: Setting CVar [[r.CapsuleShadows:1]]
[2019.10.23-00.35.59:568][  0]LogConfig: Applying CVar settings from Section [PostProcessQuality@3] File [E:/level design 2 stuff/github stuff/spoopylevel/MMartinSpoopy/Saved/Config/Windows/Scalability.ini]
[2019.10.23-00.35.59:569][  0]LogConfig: Setting CVar [[r.MotionBlurQuality:4]]
[2019.10.23-00.35.59:569][  0]LogConfig: Setting CVar [[r.AmbientOcclusionMipLevelFactor:0.4]]
[2019.10.23-00.35.59:569][  0]LogConfig: Setting CVar [[r.AmbientOcclusionMaxQuality:100]]
[2019.10.23-00.35.59:569][  0]LogConfig: Setting CVar [[r.AmbientOcclusionLevels:-1]]
[2019.10.23-00.35.59:569][  0]LogConfig: Setting CVar [[r.AmbientOcclusionRadiusScale:1.0]]
[2019.10.23-00.35.59:569][  0]LogConfig: Setting CVar [[r.DepthOfFieldQuality:2]]
[2019.10.23-00.35.59:569][  0]LogConfig: Setting CVar [[r.RenderTargetPoolMin:400]]
[2019.10.23-00.35.59:569][  0]LogConfig: Setting CVar [[r.LensFlareQuality:2]]
[2019.10.23-00.35.59:569][  0]LogConfig: Setting CVar [[r.SceneColorFringeQuality:1]]
[2019.10.23-00.35.59:569][  0]LogConfig: Setting CVar [[r.EyeAdaptationQuality:2]]
[2019.10.23-00.35.59:569][  0]LogConfig: Setting CVar [[r.BloomQuality:5]]
[2019.10.23-00.35.59:569][  0]LogConfig: Setting CVar [[r.FastBlurThreshold:100]]
[2019.10.23-00.35.59:569][  0]LogConfig: Setting CVar [[r.Upscale.Quality:3]]
[2019.10.23-00.35.59:569][  0]LogConfig: Setting CVar [[r.Tonemapper.GrainQuantization:1]]
[2019.10.23-00.35.59:569][  0]LogConfig: Setting CVar [[r.LightShaftQuality:1]]
[2019.10.23-00.35.59:569][  0]LogConfig: Setting CVar [[r.Filter.SizeScale:1]]
[2019.10.23-00.35.59:569][  0]LogConfig: Setting CVar [[r.Tonemapper.Quality:5]]
[2019.10.23-00.35.59:569][  0]LogConfig: Setting CVar [[r.DOF.Gather.AccumulatorQuality:1        ; higher gathering accumulator quality]]
[2019.10.23-00.35.59:569][  0]LogConfig: Setting CVar [[r.DOF.Gather.PostfilterMethod:1          ; Median3x3 postfilering method]]
[2019.10.23-00.35.59:569][  0]LogConfig: Setting CVar [[r.DOF.Gather.EnableBokehSettings:0       ; no bokeh simulation when gathering]]
[2019.10.23-00.35.59:569][  0]LogConfig: Setting CVar [[r.DOF.Gather.RingCount:4                 ; medium number of samples when gathering]]
[2019.10.23-00.35.59:569][  0]LogConfig: Setting CVar [[r.DOF.Scatter.ForegroundCompositing:1    ; additive foreground scattering]]
[2019.10.23-00.35.59:569][  0]LogConfig: Setting CVar [[r.DOF.Scatter.BackgroundCompositing:2    ; additive background scattering]]
[2019.10.23-00.35.59:569][  0]LogConfig: Setting CVar [[r.DOF.Scatter.EnableBokehSettings:1      ; bokeh simulation when scattering]]
[2019.10.23-00.35.59:569][  0]LogConfig: Setting CVar [[r.DOF.Scatter.MaxSpriteRatio:0.1         ; only a maximum of 10% of scattered bokeh]]
[2019.10.23-00.35.59:569][  0]LogConfig: Setting CVar [[r.DOF.Recombine.Quality:1                ; cheap slight out of focus]]
[2019.10.23-00.35.59:569][  0]LogConfig: Setting CVar [[r.DOF.Recombine.EnableBokehSettings:0    ; no bokeh simulation on slight out of focus]]
[2019.10.23-00.35.59:569][  0]LogConfig: Setting CVar [[r.DOF.TemporalAAQuality:1                ; more stable temporal accumulation]]
[2019.10.23-00.35.59:569][  0]LogConfig: Setting CVar [[r.DOF.Kernel.MaxForegroundRadius:0.025]]
[2019.10.23-00.35.59:569][  0]LogConfig: Setting CVar [[r.DOF.Kernel.MaxBackgroundRadius:0.025]]
[2019.10.23-00.35.59:569][  0]LogConfig: Applying CVar settings from Section [TextureQuality@3] File [E:/level design 2 stuff/github stuff/spoopylevel/MMartinSpoopy/Saved/Config/Windows/Scalability.ini]
[2019.10.23-00.35.59:569][  0]LogConfig: Setting CVar [[r.Streaming.MipBias:0]]
[2019.10.23-00.35.59:569][  0]LogConfig: Setting CVar [[r.Streaming.AmortizeCPUToGPUCopy:0]]
[2019.10.23-00.35.59:569][  0]LogConfig: Setting CVar [[r.Streaming.MaxNumTexturesToStreamPerFrame:0]]
[2019.10.23-00.35.59:569][  0]LogConfig: Setting CVar [[r.Streaming.Boost:1]]
[2019.10.23-00.35.59:569][  0]LogConfig: Setting CVar [[r.MaxAnisotropy:8]]
[2019.10.23-00.35.59:569][  0]LogConfig: Setting CVar [[r.Streaming.LimitPoolSizeToVRAM:0]]
[2019.10.23-00.35.59:569][  0]LogConfig: Setting CVar [[r.Streaming.PoolSize:1000]]
[2019.10.23-00.35.59:569][  0]LogConfig: Setting CVar [[r.Streaming.MaxEffectiveScreenSize:0]]
[2019.10.23-00.35.59:569][  0]LogConfig: Applying CVar settings from Section [EffectsQuality@3] File [E:/level design 2 stuff/github stuff/spoopylevel/MMartinSpoopy/Saved/Config/Windows/Scalability.ini]
[2019.10.23-00.35.59:569][  0]LogConfig: Setting CVar [[r.TranslucencyLightingVolumeDim:64]]
[2019.10.23-00.35.59:569][  0]LogConfig: Setting CVar [[r.RefractionQuality:2]]
[2019.10.23-00.35.59:569][  0]LogConfig: Setting CVar [[r.SSR.Quality:3]]
[2019.10.23-00.35.59:569][  0]LogConfig: Setting CVar [[r.SceneColorFormat:4]]
[2019.10.23-00.35.59:569][  0]LogConfig: Setting CVar [[r.DetailMode:2]]
[2019.10.23-00.35.59:569][  0]LogConfig: Setting CVar [[r.TranslucencyVolumeBlur:1]]
[2019.10.23-00.35.59:569][  0]LogConfig: Setting CVar [[r.MaterialQualityLevel:1 ; High quality]]
[2019.10.23-00.35.59:569][  0]LogConfig: Setting CVar [[r.SSS.Scale:1]]
[2019.10.23-00.35.59:569][  0]LogConfig: Setting CVar [[r.SSS.SampleSet:2]]
[2019.10.23-00.35.59:569][  0]LogConfig: Setting CVar [[r.SSS.Quality:1]]
[2019.10.23-00.35.59:569][  0]LogConfig: Setting CVar [[r.SSS.HalfRes:1]]
[2019.10.23-00.35.59:569][  0]LogConfig: Setting CVar [[r.EmitterSpawnRateScale:1.0]]
[2019.10.23-00.35.59:569][  0]LogConfig: Setting CVar [[r.ParticleLightQuality:2]]
[2019.10.23-00.35.59:569][  0]LogConfig: Applying CVar settings from Section [FoliageQuality@3] File [E:/level design 2 stuff/github stuff/spoopylevel/MMartinSpoopy/Saved/Config/Windows/Scalability.ini]
[2019.10.23-00.35.59:569][  0]LogConfig: Setting CVar [[foliage.DensityScale:1.0]]
[2019.10.23-00.35.59:569][  0]LogConfig: Setting CVar [[grass.DensityScale:1.0]]
[2019.10.23-00.35.59:569][  0]LogInit: Selected Device Profile: [Windows]
[2019.10.23-00.35.59:569][  0]LogInit: Applying CVar settings loaded from the selected device profile: [Windows]
[2019.10.23-00.35.59:579][  0]LogHAL: Display: Platform has ~ 16 GB [17119154176 / 17179869184 / 16], which maps to Larger [LargestMinGB=32, LargerMinGB=12, DefaultMinGB=8, SmallerMinGB=6, SmallestMinGB=0)
[2019.10.23-00.35.59:580][  0]LogConfig: Setting CVar [[r.Vulkan.UseRealUBs:0		; Required until we fix HLR fall-out]]
[2019.10.23-00.35.59:580][  0]LogInit: Going up to parent DeviceProfile []
[2019.10.23-00.35.59:580][  0]LogConfig: Applying CVar settings from Section [ViewDistanceQuality@3] File [E:/level design 2 stuff/github stuff/spoopylevel/MMartinSpoopy/Saved/Config/Windows/Scalability.ini]
[2019.10.23-00.35.59:580][  0]LogConfig: Setting CVar [[r.SkeletalMeshLODBias:0]]
[2019.10.23-00.35.59:580][  0]LogConfig: Setting CVar [[r.ViewDistanceScale:1.0]]
[2019.10.23-00.35.59:580][  0]LogConfig: Applying CVar settings from Section [AntiAliasingQuality@3] File [E:/level design 2 stuff/github stuff/spoopylevel/MMartinSpoopy/Saved/Config/Windows/Scalability.ini]
[2019.10.23-00.35.59:580][  0]LogConfig: Setting CVar [[r.PostProcessAAQuality:4]]
[2019.10.23-00.35.59:580][  0]LogConfig: Applying CVar settings from Section [ShadowQuality@3] File [E:/level design 2 stuff/github stuff/spoopylevel/MMartinSpoopy/Saved/Config/Windows/Scalability.ini]
[2019.10.23-00.35.59:580][  0]LogConfig: Setting CVar [[r.LightFunctionQuality:1]]
[2019.10.23-00.35.59:580][  0]LogConfig: Setting CVar [[r.ShadowQuality:5]]
[2019.10.23-00.35.59:580][  0]LogConfig: Setting CVar [[r.Shadow.CSM.MaxCascades:10]]
[2019.10.23-00.35.59:580][  0]LogConfig: Setting CVar [[r.Shadow.MaxResolution:2048]]
[2019.10.23-00.35.59:580][  0]LogConfig: Setting CVar [[r.Shadow.MaxCSMResolution:2048]]
[2019.10.23-00.35.59:580][  0]LogConfig: Setting CVar [[r.Shadow.RadiusThreshold:0.01]]
[2019.10.23-00.35.59:580][  0]LogConfig: Setting CVar [[r.Shadow.DistanceScale:1.0]]
[2019.10.23-00.35.59:580][  0]LogConfig: Setting CVar [[r.Shadow.CSM.TransitionScale:1.0]]
[2019.10.23-00.35.59:580][  0]LogConfig: Setting CVar [[r.Shadow.PreShadowResolutionFactor:1.0]]
[2019.10.23-00.35.59:580][  0]LogConfig: Setting CVar [[r.DistanceFieldShadowing:1]]
[2019.10.23-00.35.59:580][  0]LogConfig: Setting CVar [[r.DistanceFieldAO:1]]
[2019.10.23-00.35.59:580][  0]LogConfig: Setting CVar [[r.AOQuality:2]]
[2019.10.23-00.35.59:580][  0]LogConfig: Setting CVar [[r.VolumetricFog:1]]
[2019.10.23-00.35.59:580][  0]LogConfig: Setting CVar [[r.VolumetricFog.GridPixelSize:8]]
[2019.10.23-00.35.59:580][  0]LogConfig: Setting CVar [[r.VolumetricFog.GridSizeZ:128]]
[2019.10.23-00.35.59:580][  0]LogConfig: Setting CVar [[r.VolumetricFog.HistoryMissSupersampleCount:4]]
[2019.10.23-00.35.59:580][  0]LogConfig: Setting CVar [[r.LightMaxDrawDistanceScale:1]]
[2019.10.23-00.35.59:580][  0]LogConfig: Setting CVar [[r.CapsuleShadows:1]]
[2019.10.23-00.35.59:580][  0]LogConfig: Applying CVar settings from Section [PostProcessQuality@3] File [E:/level design 2 stuff/github stuff/spoopylevel/MMartinSpoopy/Saved/Config/Windows/Scalability.ini]
[2019.10.23-00.35.59:580][  0]LogConfig: Setting CVar [[r.MotionBlurQuality:4]]
[2019.10.23-00.35.59:580][  0]LogConfig: Setting CVar [[r.AmbientOcclusionMipLevelFactor:0.4]]
[2019.10.23-00.35.59:580][  0]LogConfig: Setting CVar [[r.AmbientOcclusionMaxQuality:100]]
[2019.10.23-00.35.59:580][  0]LogConfig: Setting CVar [[r.AmbientOcclusionLevels:-1]]
[2019.10.23-00.35.59:580][  0]LogConfig: Setting CVar [[r.AmbientOcclusionRadiusScale:1.0]]
[2019.10.23-00.35.59:580][  0]LogConfig: Setting CVar [[r.DepthOfFieldQuality:2]]
[2019.10.23-00.35.59:580][  0]LogConfig: Setting CVar [[r.RenderTargetPoolMin:400]]
[2019.10.23-00.35.59:580][  0]LogConfig: Setting CVar [[r.LensFlareQuality:2]]
[2019.10.23-00.35.59:580][  0]LogConfig: Setting CVar [[r.SceneColorFringeQuality:1]]
[2019.10.23-00.35.59:580][  0]LogConfig: Setting CVar [[r.EyeAdaptationQuality:2]]
[2019.10.23-00.35.59:580][  0]LogConfig: Setting CVar [[r.BloomQuality:5]]
[2019.10.23-00.35.59:580][  0]LogConfig: Setting CVar [[r.FastBlurThreshold:100]]
[2019.10.23-00.35.59:580][  0]LogConfig: Setting CVar [[r.Upscale.Quality:3]]
[2019.10.23-00.35.59:580][  0]LogConfig: Setting CVar [[r.Tonemapper.GrainQuantization:1]]
[2019.10.23-00.35.59:580][  0]LogConfig: Setting CVar [[r.LightShaftQuality:1]]
[2019.10.23-00.35.59:580][  0]LogConfig: Setting CVar [[r.Filter.SizeScale:1]]
[2019.10.23-00.35.59:580][  0]LogConfig: Setting CVar [[r.Tonemapper.Quality:5]]
[2019.10.23-00.35.59:580][  0]LogConfig: Setting CVar [[r.DOF.Gather.AccumulatorQuality:1        ; higher gathering accumulator quality]]
[2019.10.23-00.35.59:580][  0]LogConfig: Setting CVar [[r.DOF.Gather.PostfilterMethod:1          ; Median3x3 postfilering method]]
[2019.10.23-00.35.59:580][  0]LogConfig: Setting CVar [[r.DOF.Gather.EnableBokehSettings:0       ; no bokeh simulation when gathering]]
[2019.10.23-00.35.59:580][  0]LogConfig: Setting CVar [[r.DOF.Gather.RingCount:4                 ; medium number of samples when gathering]]
[2019.10.23-00.35.59:580][  0]LogConfig: Setting CVar [[r.DOF.Scatter.ForegroundCompositing:1    ; additive foreground scattering]]
[2019.10.23-00.35.59:580][  0]LogConfig: Setting CVar [[r.DOF.Scatter.BackgroundCompositing:2    ; additive background scattering]]
[2019.10.23-00.35.59:580][  0]LogConfig: Setting CVar [[r.DOF.Scatter.EnableBokehSettings:1      ; bokeh simulation when scattering]]
[2019.10.23-00.35.59:580][  0]LogConfig: Setting CVar [[r.DOF.Scatter.MaxSpriteRatio:0.1         ; only a maximum of 10% of scattered bokeh]]
[2019.10.23-00.35.59:580][  0]LogConfig: Setting CVar [[r.DOF.Recombine.Quality:1                ; cheap slight out of focus]]
[2019.10.23-00.35.59:580][  0]LogConfig: Setting CVar [[r.DOF.Recombine.EnableBokehSettings:0    ; no bokeh simulation on slight out of focus]]
[2019.10.23-00.35.59:580][  0]LogConfig: Setting CVar [[r.DOF.TemporalAAQuality:1                ; more stable temporal accumulation]]
[2019.10.23-00.35.59:580][  0]LogConfig: Setting CVar [[r.DOF.Kernel.MaxForegroundRadius:0.025]]
[2019.10.23-00.35.59:580][  0]LogConfig: Setting CVar [[r.DOF.Kernel.MaxBackgroundRadius:0.025]]
[2019.10.23-00.35.59:580][  0]LogConfig: Applying CVar settings from Section [TextureQuality@3] File [E:/level design 2 stuff/github stuff/spoopylevel/MMartinSpoopy/Saved/Config/Windows/Scalability.ini]
[2019.10.23-00.35.59:580][  0]LogConfig: Setting CVar [[r.Streaming.MipBias:0]]
[2019.10.23-00.35.59:580][  0]LogConfig: Setting CVar [[r.Streaming.AmortizeCPUToGPUCopy:0]]
[2019.10.23-00.35.59:580][  0]LogConfig: Setting CVar [[r.Streaming.MaxNumTexturesToStreamPerFrame:0]]
[2019.10.23-00.35.59:580][  0]LogConfig: Setting CVar [[r.Streaming.Boost:1]]
[2019.10.23-00.35.59:580][  0]LogConfig: Setting CVar [[r.MaxAnisotropy:8]]
[2019.10.23-00.35.59:580][  0]LogConfig: Setting CVar [[r.Streaming.LimitPoolSizeToVRAM:0]]
[2019.10.23-00.35.59:580][  0]LogConfig: Setting CVar [[r.Streaming.PoolSize:1000]]
[2019.10.23-00.35.59:580][  0]LogConfig: Setting CVar [[r.Streaming.MaxEffectiveScreenSize:0]]
[2019.10.23-00.35.59:580][  0]LogConfig: Applying CVar settings from Section [EffectsQuality@3] File [E:/level design 2 stuff/github stuff/spoopylevel/MMartinSpoopy/Saved/Config/Windows/Scalability.ini]
[2019.10.23-00.35.59:580][  0]LogConfig: Setting CVar [[r.TranslucencyLightingVolumeDim:64]]
[2019.10.23-00.35.59:580][  0]LogConfig: Setting CVar [[r.RefractionQuality:2]]
[2019.10.23-00.35.59:580][  0]LogConfig: Setting CVar [[r.SSR.Quality:3]]
[2019.10.23-00.35.59:580][  0]LogConfig: Setting CVar [[r.SceneColorFormat:4]]
[2019.10.23-00.35.59:580][  0]LogConfig: Setting CVar [[r.DetailMode:2]]
[2019.10.23-00.35.59:580][  0]LogConfig: Setting CVar [[r.TranslucencyVolumeBlur:1]]
[2019.10.23-00.35.59:580][  0]LogConfig: Setting CVar [[r.MaterialQualityLevel:1 ; High quality]]
[2019.10.23-00.35.59:580][  0]LogConfig: Setting CVar [[r.SSS.Scale:1]]
[2019.10.23-00.35.59:581][  0]LogConfig: Setting CVar [[r.SSS.SampleSet:2]]
[2019.10.23-00.35.59:581][  0]LogConfig: Setting CVar [[r.SSS.Quality:1]]
[2019.10.23-00.35.59:581][  0]LogConfig: Setting CVar [[r.SSS.HalfRes:1]]
[2019.10.23-00.35.59:581][  0]LogConfig: Setting CVar [[r.EmitterSpawnRateScale:1.0]]
[2019.10.23-00.35.59:581][  0]LogConfig: Setting CVar [[r.ParticleLightQuality:2]]
[2019.10.23-00.35.59:581][  0]LogConfig: Applying CVar settings from Section [FoliageQuality@3] File [E:/level design 2 stuff/github stuff/spoopylevel/MMartinSpoopy/Saved/Config/Windows/Scalability.ini]
[2019.10.23-00.35.59:581][  0]LogConfig: Setting CVar [[foliage.DensityScale:1.0]]
[2019.10.23-00.35.59:581][  0]LogConfig: Setting CVar [[grass.DensityScale:1.0]]
[2019.10.23-00.35.59:581][  0]LogConfig: Applying CVar settings from Section [Startup] File [../../../Engine/Config/ConsoleVariables.ini]
[2019.10.23-00.35.59:597][  0]LogConfig: Setting CVar [[net.UseAdaptiveNetUpdateFrequency:0]]
[2019.10.23-00.35.59:597][  0]LogConfig: Setting CVar [[p.chaos.AllowCreatePhysxBodies:1]]
[2019.10.23-00.35.59:597][  0]LogConfig: Applying CVar settings from Section [ConsoleVariables] File [E:/level design 2 stuff/github stuff/spoopylevel/MMartinSpoopy/Saved/Config/Windows/Engine.ini]
[2019.10.23-00.35.59:597][  0]LogInit: Computer: SW-WLC124-08
[2019.10.23-00.35.59:597][  0]LogInit: User: w210368179
[2019.10.23-00.35.59:597][  0]LogInit: CPU Page size=4096, Cores=4
[2019.10.23-00.35.59:597][  0]LogInit: High frequency timer resolution =3.312652 MHz
[2019.10.23-00.35.59:597][  0]LogMemory: Memory total: Physical=15.9GB (16GB approx)
[2019.10.23-00.35.59:597][  0]LogMemory: Platform Memory Stats for Windows
[2019.10.23-00.35.59:597][  0]LogMemory: Process Physical Memory: 97.25 MB used, 97.25 MB peak
[2019.10.23-00.35.59:597][  0]LogMemory: Process Virtual Memory: 93.16 MB used, 93.16 MB peak
[2019.10.23-00.35.59:597][  0]LogMemory: Physical Memory: 4204.42 MB used,  12121.68 MB free, 16326.10 MB total
[2019.10.23-00.35.59:597][  0]LogMemory: Virtual Memory: 4662.09 MB used,  134213064.00 MB free, 134217728.00 MB total
[2019.10.23-00.35.59:807][  0]LogInit: Using OS detected language (en-US).
[2019.10.23-00.35.59:807][  0]LogInit: Using OS detected locale (en-US).
[2019.10.23-00.35.59:811][  0]LogTextLocalizationManager: No specific localization for 'en-US' exists, so the 'en' localization will be used.
[2019.10.23-00.36.00:276][  0]LogInit: Setting process to per monitor DPI aware
[2019.10.23-00.36.00:373][  0]LogSlate: New Slate User Created.  User Index 0, Is Virtual User: 0
[2019.10.23-00.36.00:373][  0]LogSlate: Slate User Registered.  User Index 0, Is Virtual User: 0
[2019.10.23-00.36.03:400][  0]LogHMD: Failed to initialize OpenVR with code 110
[2019.10.23-00.36.03:400][  0]LogD3D11RHI: D3D11 adapters:
[2019.10.23-00.36.03:459][  0]LogD3D11RHI:    0. 'AMD Radeon HD 8570' (Feature Level 11_0)
[2019.10.23-00.36.03:459][  0]LogD3D11RHI:       1005/0/8163 MB DedicatedVideo/DedicatedSystem/SharedSystem, Outputs:1, VendorId:0x1002
[2019.10.23-00.36.03:485][  0]LogD3D11RHI:    1. 'Microsoft Basic Render Driver' (Feature Level 11_0)
[2019.10.23-00.36.03:485][  0]LogD3D11RHI:       0/0/8163 MB DedicatedVideo/DedicatedSystem/SharedSystem, Outputs:0, VendorId:0x1414
[2019.10.23-00.36.03:485][  0]LogD3D11RHI: Chosen D3D11 Adapter: 0
[2019.10.23-00.36.03:491][  0]LogD3D11RHI: Creating new Direct3DDevice
[2019.10.23-00.36.03:491][  0]LogD3D11RHI:     GPU DeviceId: 0x6611 (for the marketing name, search the web for "GPU Device Id")
[2019.10.23-00.36.03:491][  0]LogWindows: EnumDisplayDevices:
[2019.10.23-00.36.03:491][  0]LogWindows:    0. 'AMD Radeon HD 8570' (P:1 D:1)
[2019.10.23-00.36.03:492][  0]LogWindows:    1. 'AMD Radeon HD 8570' (P:0 D:0)
[2019.10.23-00.36.03:492][  0]LogWindows: DebugString: FoundDriverCount:2 
[2019.10.23-00.36.03:492][  0]LogD3D11RHI:     Adapter Name: AMD Radeon HD 8570
[2019.10.23-00.36.03:492][  0]LogD3D11RHI:   Driver Version: Crimson 16.6 (internal:21.19.144.32768, unified:21.19.144.32768)
[2019.10.23-00.36.03:492][  0]LogD3D11RHI:      Driver Date: 10-25-2016
[2019.10.23-00.36.03:492][  0]LogRHI: Texture pool is 703 MB (70% of 1005 MB)
[2019.10.23-00.36.03:577][  0]LogD3D11RHI: Async texture creation enabled
[2019.10.23-00.36.03:582][  0]LogRendererCore: FGlobalReadBuffer::InitRHI
[2019.10.23-00.36.03:583][  0]LogRendererCore: FGlobalReadBuffer::InitRHI
[2019.10.23-00.36.03:583][  0]LogRendererCore: FGlobalReadBuffer::InitRHI
[2019.10.23-00.36.03:590][  0]LogD3D11RHI: GPU Timing Frequency: 27.000000 (Debug: 2 1)
[2019.10.23-00.36.05:213][  0]LogTemp: Display: Module 'AllDesktopTargetPlatform' loaded TargetPlatform 'AllDesktop'
[2019.10.23-00.36.05:238][  0]LogTemp: Display: Module 'MacClientTargetPlatform' loaded TargetPlatform 'MacClient'
[2019.10.23-00.36.05:263][  0]LogTemp: Display: Module 'MacNoEditorTargetPlatform' loaded TargetPlatform 'MacNoEditor'
[2019.10.23-00.36.05:293][  0]LogTemp: Display: Module 'MacServerTargetPlatform' loaded TargetPlatform 'MacServer'
[2019.10.23-00.36.05:337][  0]LogTemp: Display: Module 'MacTargetPlatform' loaded TargetPlatform 'Mac'
[2019.10.23-00.36.05:363][  0]LogTemp: Display: Module 'WindowsClientTargetPlatform' loaded TargetPlatform 'WindowsClient'
[2019.10.23-00.36.05:387][  0]LogTemp: Display: Module 'WindowsNoEditorTargetPlatform' loaded TargetPlatform 'WindowsNoEditor'
[2019.10.23-00.36.05:415][  0]LogTemp: Display: Module 'WindowsServerTargetPlatform' loaded TargetPlatform 'WindowsServer'
[2019.10.23-00.36.05:429][  0]LogTemp: Display: Module 'WindowsTargetPlatform' loaded TargetPlatform 'Windows'
[2019.10.23-00.36.05:518][  0]LogTemp: Display: Module 'AndroidTargetPlatform' loaded TargetPlatform 'Android'
[2019.10.23-00.36.05:518][  0]LogTemp: Display: Module 'AndroidTargetPlatform' loaded TargetPlatform 'Android_ASTC'
[2019.10.23-00.36.05:518][  0]LogTemp: Display: Module 'AndroidTargetPlatform' loaded TargetPlatform 'Android_ATC'
[2019.10.23-00.36.05:518][  0]LogTemp: Display: Module 'AndroidTargetPlatform' loaded TargetPlatform 'Android_DXT'
[2019.10.23-00.36.05:518][  0]LogTemp: Display: Module 'AndroidTargetPlatform' loaded TargetPlatform 'Android_ETC1'
[2019.10.23-00.36.05:518][  0]LogTemp: Display: Module 'AndroidTargetPlatform' loaded TargetPlatform 'Android_ETC1a'
[2019.10.23-00.36.05:518][  0]LogTemp: Display: Module 'AndroidTargetPlatform' loaded TargetPlatform 'Android_ETC2'
[2019.10.23-00.36.05:518][  0]LogTemp: Display: Module 'AndroidTargetPlatform' loaded TargetPlatform 'Android_PVRTC'
[2019.10.23-00.36.05:518][  0]LogTemp: Display: Module 'AndroidTargetPlatform' loaded TargetPlatform 'AndroidClient'
[2019.10.23-00.36.05:518][  0]LogTemp: Display: Module 'AndroidTargetPlatform' loaded TargetPlatform 'Android_ASTCClient'
[2019.10.23-00.36.05:518][  0]LogTemp: Display: Module 'AndroidTargetPlatform' loaded TargetPlatform 'Android_ATCClient'
[2019.10.23-00.36.05:518][  0]LogTemp: Display: Module 'AndroidTargetPlatform' loaded TargetPlatform 'Android_DXTClient'
[2019.10.23-00.36.05:518][  0]LogTemp: Display: Module 'AndroidTargetPlatform' loaded TargetPlatform 'Android_ETC1Client'
[2019.10.23-00.36.05:518][  0]LogTemp: Display: Module 'AndroidTargetPlatform' loaded TargetPlatform 'Android_ETC1aClient'
[2019.10.23-00.36.05:518][  0]LogTemp: Display: Module 'AndroidTargetPlatform' loaded TargetPlatform 'Android_ETC2Client'
[2019.10.23-00.36.05:518][  0]LogTemp: Display: Module 'AndroidTargetPlatform' loaded TargetPlatform 'Android_PVRTCClient'
[2019.10.23-00.36.05:519][  0]LogTemp: Display: Module 'AndroidTargetPlatform' loaded TargetPlatform 'Android_Multi'
[2019.10.23-00.36.05:519][  0]LogTemp: Display: Module 'AndroidTargetPlatform' loaded TargetPlatform 'Android_MultiClient'
[2019.10.23-00.36.05:526][  0]LogTemp: Display: Module 'HTML5TargetPlatform' loaded TargetPlatform 'HTML5'
[2019.10.23-00.36.05:620][  0]LogTemp: Display: Module 'IOSTargetPlatform' loaded TargetPlatform 'IOSClient'
[2019.10.23-00.36.05:621][  0]LogTemp: Display: Module 'IOSTargetPlatform' loaded TargetPlatform 'IOS'
[2019.10.23-00.36.05:666][  0]LogTemp: Display: Module 'TVOSTargetPlatform' loaded TargetPlatform 'TVOSClient'
[2019.10.23-00.36.05:666][  0]LogTemp: Display: Module 'TVOSTargetPlatform' loaded TargetPlatform 'TVOS'
[2019.10.23-00.36.05:681][  0]LogTemp: Display: Module 'LinuxClientTargetPlatform' loaded TargetPlatform 'LinuxClient'
[2019.10.23-00.36.05:714][  0]LogTemp: Display: Module 'LinuxNoEditorTargetPlatform' loaded TargetPlatform 'LinuxNoEditor'
[2019.10.23-00.36.05:737][  0]LogTemp: Display: Module 'LinuxServerTargetPlatform' loaded TargetPlatform 'LinuxServer'
[2019.10.23-00.36.05:759][  0]LogTemp: Display: Module 'LinuxTargetPlatform' loaded TargetPlatform 'Linux'
[2019.10.23-00.36.05:807][  0]LogTemp: Display: Module 'LuminTargetPlatform' loaded TargetPlatform 'Lumin'
[2019.10.23-00.36.05:807][  0]LogTemp: Display: Module 'LuminTargetPlatform' loaded TargetPlatform 'LuminClient'
[2019.10.23-00.36.05:807][  0]LogTargetPlatformManager: Display: Building Assets For Windows
[2019.10.23-00.36.05:917][  0]LogAudioDebug: Display: Lib vorbis DLL was dynamically loaded.
[2019.10.23-00.36.06:365][  0]LogShaderCompilers: Guid format shader working directory is -10 characters bigger than the processId version (E:/level design 2 stuff/github stuff/spoopylevel/MMartinSpoopy/Intermediate/Shaders/WorkingDirectory/7236/).
[2019.10.23-00.36.06:365][  0]LogShaderCompilers: Cleaned the shader compiler working directory 'C:/Users/TEMP.AD.003/AppData/Local/Temp/UnrealShaderWorkingDir/0240237048DA9E1B542F9BA18E440A41/'.
[2019.10.23-00.36.06:377][  0]LogXGEController: Cleaning working directory: C:/Users/TEMP.AD.003/AppData/Local/Temp/UnrealXGEWorkingDir/
[2019.10.23-00.36.06:389][  0]LogShaderCompilers: Display: Using XGE Shader Compiler (Interception Interface).
[2019.10.23-00.36.07:261][  0]LogDerivedDataCache: Display: Max Cache Size: 512 MB
[2019.10.23-00.36.08:446][  0]LogDerivedDataCache: Loaded boot cache 1.18s 73MB C:/Users/TEMP.AD.003/AppData/Local/UnrealEngine/4.22/DerivedDataCache/Boot.ddc.
[2019.10.23-00.36.08:446][  0]LogDerivedDataCache: Display: Loaded Boot cache: C:/Users/TEMP.AD.003/AppData/Local/UnrealEngine/4.22/DerivedDataCache/Boot.ddc
[2019.10.23-00.36.08:446][  0]LogDerivedDataCache: FDerivedDataBackendGraph:  Pak pak cache file E:/level design 2 stuff/github stuff/spoopylevel/MMartinSpoopy/DerivedDataCache/DDC.ddp not found, will not use a pak cache.
[2019.10.23-00.36.08:446][  0]LogDerivedDataCache: Unable to find inner node Pak for hierarchical cache Hierarchy.
[2019.10.23-00.36.08:446][  0]LogDerivedDataCache: FDerivedDataBackendGraph:  CompressedPak pak cache file E:/level design 2 stuff/github stuff/spoopylevel/MMartinSpoopy/DerivedDataCache/Compressed.ddp not found, will not use a pak cache.
[2019.10.23-00.36.08:446][  0]LogDerivedDataCache: Unable to find inner node CompressedPak for hierarchical cache Hierarchy.
[2019.10.23-00.36.08:458][  0]LogDerivedDataCache: Display: Pak cache opened for reading ../../../Engine/DerivedDataCache/Compressed.ddp.
[2019.10.23-00.36.08:458][  0]LogDerivedDataCache: FDerivedDataBackendGraph:  EnterprisePak pak cache file ../../../Enterprise/DerivedDataCache/Compressed.ddp not found, will not use a pak cache.
[2019.10.23-00.36.08:458][  0]LogDerivedDataCache: Unable to find inner node EnterprisePak for hierarchical cache Hierarchy.
[2019.10.23-00.36.08:470][  0]LogDerivedDataCache: Using Local data cache path C:/Users/TEMP.AD.003/AppData/Local/UnrealEngine/Common/DerivedDataCache: Writable
[2019.10.23-00.36.08:470][  0]LogDerivedDataCache: Shared data cache path not found in *engine.ini, will not use an Shared cache.
[2019.10.23-00.36.08:470][  0]LogDerivedDataCache: Unable to find inner node Shared for hierarchical cache Hierarchy.
[2019.10.23-00.36.08:493][  0]LogMaterial: Verifying Global Shaders for PCD3D_SM5
[2019.10.23-00.36.08:494][  0]LogSlate: Using FreeType 2.6.0
[2019.10.23-00.36.08:496][  0]LogSlate: SlateFontServices - WITH_FREETYPE: 1, WITH_HARFBUZZ: 1
[2019.10.23-00.36.08:812][  0]LogAssetRegistry: FAssetRegistry took 0.0345 seconds to start up
[2019.10.23-00.36.09:250][  0]LogInit: Selected Device Profile: [Windows]
[2019.10.23-00.36.09:545][  0]LogMeshReduction: Using QuadricMeshReduction for automatic static mesh reduction
[2019.10.23-00.36.09:545][  0]LogMeshReduction: Using SimplygonMeshReduction for automatic skeletal mesh reduction
[2019.10.23-00.36.09:546][  0]LogMeshReduction: Using ProxyLODMeshReduction for automatic mesh merging
[2019.10.23-00.36.09:546][  0]LogMeshReduction: No distributed automatic mesh merging module available
[2019.10.23-00.36.09:546][  0]LogMeshMerging: No distributed automatic mesh merging module available
[2019.10.23-00.36.09:579][  0]LogNetVersion: MMartinSpoopy 1.0.0, NetCL: 5660361, EngineNetVer: 10, GameNetVer: 0 (Checksum: 2920722984)
[2019.10.23-00.36.10:413][  0]LogPackageLocalizationCache: Processed 10 localized package path(s) for 1 prioritized culture(s) in 0.325666 seconds
[2019.10.23-00.36.10:419][  0]LogUObjectArray: 42205 objects as part of root set at end of initial load.
[2019.10.23-00.36.10:419][  0]LogUObjectAllocator: 7325032 out of 0 bytes used by permanent object pool.
[2019.10.23-00.36.10:419][  0]LogUObjectArray: CloseDisregardForGC: 0/0 objects in disregard for GC pool
[2019.10.23-00.36.14:873][  0]LogTcpMessaging: Initializing TcpMessaging bridge
[2019.10.23-00.36.14:898][  0]LogUdpMessaging: Initializing bridge on interface 0.0.0.0:0 to multicast group 230.0.0.1:6666.
[2019.10.23-00.36.15:258][  0]SourceControl: Source control is disabled
[2019.10.23-00.36.15:259][  0]SourceControl: Source control is disabled
[2019.10.23-00.36.15:296][  0]SourceControl: Source control is disabled
[2019.10.23-00.36.15:306][  0]SourceControl: Source control is disabled
[2019.10.23-00.36.16:185][  0]LogAndroidPermission: UAndroidPermissionCallbackProxy::GetInstance
[2019.10.23-00.36.16:583][  0]LogOcInput: OculusInput pre-init called
[2019.10.23-00.36.19:434][  0]LogEngine: Initializing Engine...
[2019.10.23-00.36.19:436][  0]LogHMD: Failed to initialize OpenVR with code 110
[2019.10.23-00.36.19:437][  0]LogStats: UGameplayTagsManager::InitializeManager -  0.000 s
[2019.10.23-00.36.19:674][  0]LogInit: Initializing FReadOnlyCVARCache
[2019.10.23-00.36.19:745][  0]LogAIModule: Creating AISystem for world Untitled
[2019.10.23-00.36.19:762][  0]LogInit: XAudio2 using 'Speakers / Headphones (Realtek High Definition Audio)' : 2 channels at 48 kHz using 32 bits per sample (channel mask 0x3)
[2019.10.23-00.36.19:938][  0]LogInit: FAudioDevice initialized.
[2019.10.23-00.36.19:938][  0]LogNetVersion: Set ProjectVersion to 1.0.0.0. Version Checksum will be recalculated on next use.
[2019.10.23-00.36.20:181][  0]LogDerivedDataCache: Saved boot cache 0.24s 73MB C:/Users/TEMP.AD.003/AppData/Local/UnrealEngine/4.22/DerivedDataCache/Boot.ddc.
[2019.10.23-00.36.20:193][  0]LogInit: Texture streaming: Enabled
[2019.10.23-00.36.20:351][  0]LogEngineSessionManager: EngineSessionManager initialized
[2019.10.23-00.36.20:464][  0]LogInit: Transaction tracking system initialized
[2019.10.23-00.36.20:628][  0]BlueprintLog: New page: Editor Load
[2019.10.23-00.36.21:333][  0]LocalizationService: Localization service is disabled
[2019.10.23-00.36.22:425][  0]LogCook: Display: Max memory allowance for cook 16384mb min free memory 0mb
[2019.10.23-00.36.22:425][  0]LogCook: Display: Mobile HDR setting 1
[2019.10.23-00.36.22:795][  0]LogFileCache: Scanning file cache for directory 'E:/level design 2 stuff/github stuff/spoopylevel/MMartinSpoopy/Content/' took 0.03s
[2019.10.23-00.36.24:134][  0]SourceControl: Source control is disabled
[2019.10.23-00.36.24:272][  0]LogWindowsTextInputMethodSystem: Display: IME system now deactivated.
[2019.10.23-00.36.24:290][  0]LogSlate: Took 0.001514 seconds to synchronously load lazily loaded font '../../../Engine/Content/Slate/Fonts/Roboto-Regular.ttf' (155K)
[2019.10.23-00.37.23:585][  0]LogSlate: Window 'Restore Packages' being destroyed
[2019.10.23-00.37.23:585][  0]LogWindowsTextInputMethodSystem: Display: IME system now deactivated.
[2019.10.23-00.37.23:588][  0]LogWindowsTextInputMethodSystem: Display: IME system now deactivated.
[2019.10.23-00.37.23:593][  0]Cmd: MAP LOAD FILE="E:/level design 2 stuff/github stuff/spoopylevel/MMartinSpoopy/Content/ThirdPersonBP/Maps/ThirdPersonExampleMap.umap" TEMPLATE=0 SHOWPROGRESS=1 FEATURELEVEL=3
[2019.10.23-00.37.23:593][  0]LightingResults: New page: Lighting Build
[2019.10.23-00.37.23:625][  0]MapCheck: New page: Map Check
[2019.10.23-00.37.23:625][  0]LightingResults: New page: Lighting Build
[2019.10.23-00.37.23:650][  0]LogUObjectHash: Compacting FUObjectHashTables data took   1.84ms
[2019.10.23-00.37.23:826][  0]LogLinker: Warning: Can't find file '/Game/ThirdPersonBP/Maps/ThirdPersonExampleMap_BuiltData'
[2019.10.23-00.37.23:827][  0]LogLinker: Warning: Can't find file for asset '/Game/ThirdPersonBP/Maps/ThirdPersonExampleMap_BuiltData' while loading NULL.
[2019.10.23-00.37.23:836][  0]LogLinker: Warning: Can't find file '/Game/ThirdPersonBP/Maps/ThirdPersonExampleMap_BuiltData'
[2019.10.23-00.37.23:836][  0]LogLinker: Warning: Can't find file for asset '/Game/ThirdPersonBP/Maps/ThirdPersonExampleMap_BuiltData' while loading NULL.
[2019.10.23-00.37.23:837][  0]LogLinker: Warning: Can't find file '/Game/ThirdPersonBP/Maps/ThirdPersonExampleMap_BuiltData'
[2019.10.23-00.37.23:837][  0]LogLinker: Warning: Can't find file for asset '/Game/ThirdPersonBP/Maps/ThirdPersonExampleMap_BuiltData' while loading NULL.
[2019.10.23-00.37.23:837][  0]LogLinker: Warning: Can't find file '/Game/ThirdPersonBP/Maps/ThirdPersonExampleMap_BuiltData'
[2019.10.23-00.37.23:837][  0]LogLinker: Warning: Can't find file for asset '/Game/ThirdPersonBP/Maps/ThirdPersonExampleMap_BuiltData' while loading NULL.
[2019.10.23-00.37.23:844][  0]LogLinker: Warning: Can't find file '/Game/ThirdPersonBP/Maps/ThirdPersonExampleMap_BuiltData'
[2019.10.23-00.37.23:844][  0]LoadErrors: Failed to load /Game/ThirdPersonBP/Maps/ThirdPersonExampleMap_BuiltData.ThirdPersonExampleMap_BuiltData Referenced by PersistentLevel
[2019.10.23-00.37.23:844][  0]LogLinker: Warning: Can't find file for asset '/Game/ThirdPersonBP/Maps/ThirdPersonExampleMap_BuiltData' while loading NULL.
[2019.10.23-00.37.24:051][  0]LogAIModule: Creating AISystem for world ThirdPersonExampleMap
[2019.10.23-00.37.24:061][  0]LogEditorServer: Finished looking for orphan Actors (0.000 secs)
[2019.10.23-00.37.24:109][  0]LogUObjectHash: Compacting FUObjectHashTables data took   2.08ms
[2019.10.23-00.37.24:109][  0]Cmd: MAP CHECKDEP NOCLEARLOG
[2019.10.23-00.37.24:109][  0]MapCheck: Map check complete: 0 Error(s), 0 Warning(s), took 0.124ms to complete.
[2019.10.23-00.37.24:110][  0]LogFileHelpers: Loading map 'ThirdPersonExampleMap' took 0.516
[2019.10.23-00.37.24:213][  0]LogSlate: Updating window title bar state: overlay mode, drag disabled, window buttons hidden, title bar hidden
[2019.10.23-00.37.24:220][  0]LogSlate: Updating window title bar state: overlay mode, drag disabled, window buttons hidden, title bar hidden
[2019.10.23-00.37.24:228][  0]LogSlate: Updating window title bar state: overlay mode, drag disabled, window buttons hidden, title bar hidden
[2019.10.23-00.37.24:235][  0]LogSlate: Updating window title bar state: overlay mode, drag disabled, window buttons hidden, title bar hidden
[2019.10.23-00.37.24:263][  0]LogCollectionManager: Loaded 0 collections in 0.002854 seconds
[2019.10.23-00.37.24:341][  0]LogFileCache: Scanning file cache for directory 'E:/level design 2 stuff/github stuff/spoopylevel/MMartinSpoopy/Saved/Collections/' took 0.01s
[2019.10.23-00.37.24:341][  0]LogFileCache: Scanning file cache for directory 'E:/level design 2 stuff/github stuff/spoopylevel/MMartinSpoopy/Content/Developers/w210368179/Collections/' took 0.01s
[2019.10.23-00.37.24:341][  0]LogFileCache: Scanning file cache for directory 'E:/level design 2 stuff/github stuff/spoopylevel/MMartinSpoopy/Content/Collections/' took 0.01s
[2019.10.23-00.37.24:341][  0]LogCollectionManager: Rebuilt the GUID cache for 0 collections in 0.000000 seconds
[2019.10.23-00.37.24:350][  0]LogContentBrowser: Native class hierarchy populated in 0.0091 seconds. Added 2732 classes and 659 folders.
[2019.10.23-00.37.24:384][  0]LogContentBrowser: Native class hierarchy updated for 'WidgetCarousel' in 0.0003 seconds. Added 0 classes and 0 folders.
[2019.10.23-00.37.24:391][  0]LogPakFile: Registered encryption key '00000000000000000000000000000000': 0 pak files mounted, 0 remain pending
[2019.10.23-00.37.24:394][  0]LogPakFile: Registered encryption key '00000000000000000000000000000000': 0 pak files mounted, 0 remain pending
[2019.10.23-00.37.24:397][  0]LogPakFile: Registered encryption key '00000000000000000000000000000000': 0 pak files mounted, 0 remain pending
[2019.10.23-00.37.24:399][  0]LogPakFile: Registered encryption key '00000000000000000000000000000000': 0 pak files mounted, 0 remain pending
[2019.10.23-00.37.24:401][  0]LogPakFile: Registered encryption key '00000000000000000000000000000000': 0 pak files mounted, 0 remain pending
[2019.10.23-00.37.24:403][  0]LogPakFile: Registered encryption key '00000000000000000000000000000000': 0 pak files mounted, 0 remain pending
[2019.10.23-00.37.24:405][  0]LogPakFile: Registered encryption key '00000000000000000000000000000000': 0 pak files mounted, 0 remain pending
[2019.10.23-00.37.24:409][  0]LogPakFile: Registered encryption key '00000000000000000000000000000000': 0 pak files mounted, 0 remain pending
[2019.10.23-00.37.24:411][  0]LogPakFile: Registered encryption key '00000000000000000000000000000000': 0 pak files mounted, 0 remain pending
[2019.10.23-00.37.24:413][  0]LogPakFile: Registered encryption key '00000000000000000000000000000000': 0 pak files mounted, 0 remain pending
[2019.10.23-00.37.24:415][  0]LogPakFile: Registered encryption key '00000000000000000000000000000000': 0 pak files mounted, 0 remain pending
[2019.10.23-00.37.24:418][  0]LogPakFile: Registered encryption key '00000000000000000000000000000000': 0 pak files mounted, 0 remain pending
[2019.10.23-00.37.24:420][  0]LogPakFile: Registered encryption key '00000000000000000000000000000000': 0 pak files mounted, 0 remain pending
[2019.10.23-00.37.24:422][  0]LogPakFile: Registered encryption key '00000000000000000000000000000000': 0 pak files mounted, 0 remain pending
[2019.10.23-00.37.24:424][  0]LogPakFile: Registered encryption key '00000000000000000000000000000000': 0 pak files mounted, 0 remain pending
[2019.10.23-00.37.24:452][  0]LogPakFile: Registered encryption key '00000000000000000000000000000000': 0 pak files mounted, 0 remain pending
[2019.10.23-00.37.24:454][  0]LogPakFile: Registered encryption key '00000000000000000000000000000000': 0 pak files mounted, 0 remain pending
[2019.10.23-00.37.24:456][  0]LogPakFile: Registered encryption key '00000000000000000000000000000000': 0 pak files mounted, 0 remain pending
[2019.10.23-00.37.24:470][  0]LogPakFile: Registered encryption key '00000000000000000000000000000000': 0 pak files mounted, 0 remain pending
[2019.10.23-00.37.24:473][  0]LogPakFile: Registered encryption key '00000000000000000000000000000000': 0 pak files mounted, 0 remain pending
[2019.10.23-00.37.24:476][  0]LogPakFile: Registered encryption key '00000000000000000000000000000000': 0 pak files mounted, 0 remain pending
[2019.10.23-00.37.24:505][  0]LogPakFile: Registered encryption key '00000000000000000000000000000000': 0 pak files mounted, 0 remain pending
[2019.10.23-00.37.24:507][  0]LogPakFile: Registered encryption key '00000000000000000000000000000000': 0 pak files mounted, 0 remain pending
[2019.10.23-00.37.24:515][  0]LogPakFile: Registered encryption key '00000000000000000000000000000000': 0 pak files mounted, 0 remain pending
[2019.10.23-00.37.24:521][  0]LogPakFile: Registered encryption key '00000000000000000000000000000000': 0 pak files mounted, 0 remain pending
[2019.10.23-00.37.24:524][  0]LogPakFile: Registered encryption key '00000000000000000000000000000000': 0 pak files mounted, 0 remain pending
[2019.10.23-00.37.24:982][  0]LogContentBrowser: Native class hierarchy updated for 'AddContentDialog' in 0.0002 seconds. Added 0 classes and 0 folders.
[2019.10.23-00.37.25:024][  0]LogContentBrowser: Native class hierarchy updated for 'SceneOutliner' in 0.0003 seconds. Added 1 classes and 2 folders.
[2019.10.23-00.37.25:038][  0]LogSlate: Took 0.001807 seconds to synchronously load lazily loaded font '../../../Engine/Content/Slate/Fonts/Roboto-Bold.ttf' (160K)
[2019.10.23-00.37.25:044][  0]LogSlate: Took 0.001415 seconds to synchronously load lazily loaded font '../../../Engine/Content/Editor/Slate/Fonts/FontAwesome.ttf' (139K)
[2019.10.23-00.37.25:085][  0]LogRenderer: Reallocating scene render targets to support 1208x572 Format 10 NumSamples 1 (Frame:1).
[2019.10.23-00.37.25:229][  0]LogSlate: FSceneViewport::OnFocusLost() reason 2
[2019.10.23-00.37.25:241][  0]LogSlate: Window 'Tutorials' being destroyed
[2019.10.23-00.37.25:304][  0]LogContentBrowser: Native class hierarchy updated for 'HierarchicalLODOutliner' in 0.0003 seconds. Added 0 classes and 0 folders.
[2019.10.23-00.37.25:304][  0]LogLoad: (Engine Initialization) Total time: 101.45 seconds
[2019.10.23-00.37.25:304][  0]LogLoad: (Engine Initialization) Total Blueprint compile time: 0.00 seconds
[2019.10.23-00.37.25:359][  0]LogContentStreaming: Texture pool size now 1000 MB
[2019.10.23-00.37.25:361][  0]LogSlate: FSceneViewport::OnFocusLost() reason 2
[2019.10.23-00.37.25:431][  0]LogSlate: Took 0.021766 seconds to synchronously load lazily loaded font '../../../Engine/Content/Slate/Fonts/Roboto-Light.ttf' (167K)
[2019.10.23-00.37.25:492][  1]LogAssetRegistry: Asset discovery search completed in 76.6983 seconds
[2019.10.23-00.37.25:494][  1]LogCollectionManager: Rebuilt the object cache for 0 collections in 0.000001 seconds (found 0 objects)
[2019.10.23-00.37.25:494][  1]LogCollectionManager: Fixed up redirectors for 0 collections in 0.000035 seconds (updated 0 objects)
[2019.10.23-00.37.29:313][130]LogSlate: Window 'Message Log' being destroyed
[2019.10.23-00.37.29:321][130]LogSlate: Window 'Message Log' being destroyed
[2019.10.23-00.37.30:458][172]LogSlate: FSceneViewport::OnFocusLost() reason 0
[2019.10.23-00.37.31:684][224]LogSlate: Took 0.000202 seconds to synchronously load lazily loaded font '../../../Engine/Content/Slate/Fonts/Roboto-Light.ttf' (167K)
[2019.10.23-00.37.31:715][224]LogLinker: Warning: Can't find file '/Game/Maps/spoopylevel_BuiltData'
[2019.10.23-00.37.31:715][224]LogLinker: Warning: Can't find file for asset '/Game/Maps/spoopylevel_BuiltData' while loading NULL.
[2019.10.23-00.37.31:717][224]LogLinker: Warning: Can't find file '/Game/Maps/spoopylevel_BuiltData'
[2019.10.23-00.37.31:717][224]LogLinker: Warning: Can't find file for asset '/Game/Maps/spoopylevel_BuiltData' while loading NULL.
[2019.10.23-00.37.31:718][224]LogLinker: Warning: Can't find file '/Game/Maps/spoopylevel_BuiltData'
[2019.10.23-00.37.31:718][224]LogLinker: Warning: Can't find file for asset '/Game/Maps/spoopylevel_BuiltData' while loading NULL.
[2019.10.23-00.37.31:718][224]LogLinker: Warning: Can't find file '/Game/Maps/spoopylevel_BuiltData'
[2019.10.23-00.37.31:718][224]LogLinker: Warning: Can't find file for asset '/Game/Maps/spoopylevel_BuiltData' while loading NULL.
[2019.10.23-00.37.31:742][224]LogLinker: Warning: Can't find file '/Game/Maps/spoopylevel_BuiltData'
[2019.10.23-00.37.31:742][224]LoadErrors: Failed to load /Game/Maps/spoopylevel_BuiltData.spoopylevel_BuiltData Referenced by PersistentLevel
[2019.10.23-00.37.31:742][224]LogLinker: Warning: Can't find file for asset '/Game/Maps/spoopylevel_BuiltData' while loading NULL.
[2019.10.23-00.37.32:185][224]LogAIModule: Creating AISystem for world spoopylevel
[2019.10.23-00.37.32:195][224]LogAssetEditorManager: Opening Asset editor for World /Game/Maps/spoopylevel.spoopylevel
[2019.10.23-00.37.32:219][224]LogUObjectHash: Compacting FUObjectHashTables data took   1.71ms
[2019.10.23-00.37.32:220][224]Cmd: MAP LOAD FILE="E:/level design 2 stuff/github stuff/spoopylevel/MMartinSpoopy/Content/Maps/spoopylevel.umap" TEMPLATE=0 SHOWPROGRESS=1 FEATURELEVEL=3
[2019.10.23-00.37.32:220][224]LightingResults: New page: Lighting Build
[2019.10.23-00.37.32:221][224]LoadErrors: New page: Loading map: spoopylevel.umap
[2019.10.23-00.37.32:221][224]MapCheck: New page: Map Check
[2019.10.23-00.37.32:221][224]LightingResults: New page: Lighting Build
[2019.10.23-00.37.32:245][224]LogUObjectHash: Compacting FUObjectHashTables data took   1.95ms
[2019.10.23-00.37.33:381][224]LogEditorServer: Finished looking for orphan Actors (0.000 secs)
[2019.10.23-00.37.33:407][224]LogUObjectHash: Compacting FUObjectHashTables data took   1.63ms
[2019.10.23-00.37.33:418][224]Cmd: MAP CHECKDEP NOCLEARLOG
[2019.10.23-00.37.33:418][224]MapCheck: Map check complete: 0 Error(s), 0 Warning(s), took 0.115ms to complete.
[2019.10.23-00.37.33:418][224]LogFileHelpers: Loading map 'spoopylevel' took 1.198
[2019.10.23-00.38.09:644][813]LogSlate: FSceneViewport::OnFocusLost() reason 0
[2019.10.23-00.38.16:601][893]LogDirectoryWatcher: A directory notification failed for 'E:/level design 2 stuff/github stuff/spoopylevel/MMartinSpoopy/Content/Collections/' because it could not be accessed. Aborting watch request...
[2019.10.23-00.38.16:602][893]LogDirectoryWatcher: A directory notification failed for 'E:/level design 2 stuff/github stuff/spoopylevel/MMartinSpoopy/Content/Developers/w210368179/Collections/' because it could not be accessed. Aborting watch request...
[2019.10.23-00.38.16:914][894]LogDirectoryWatcher: A directory notification failed for 'E:/level design 2 stuff/github stuff/spoopylevel/MMartinSpoopy/Saved/Collections/' because it could not be accessed. Aborting watch request...
[2019.10.23-00.44.05:676][198]LogSlate: FSceneViewport::OnFocusLost() reason 0
[2019.10.23-00.44.06:234][205]LogTexture: Display: Building textures: Texture2D_2 (G8, 128X128)
[2019.10.23-00.44.21:767][749]LogSlate: FSceneViewport::OnFocusLost() reason 2
[2019.10.23-00.44.40:576][466]Cmd: TRANSACTION UNDO
[2019.10.23-00.44.40:576][466]LogEditorTransaction: Undo Landscape Editing: Flatten
[2019.10.23-00.44.40:628][466]LogTexture: Display: Building textures: Texture2D_114 (BGRA8, 32X32)
[2019.10.23-00.44.40:632][466]LogTexture: Display: Building textures: Texture2D_115 (BGRA8, 32X32)
[2019.10.23-00.44.40:637][466]LogTexture: Display: Building textures: Texture2D_106 (BGRA8, 32X32)
[2019.10.23-00.44.40:641][466]LogTexture: Display: Building textures: Texture2D_99 (BGRA8, 32X32)
[2019.10.23-00.44.40:645][466]LogTexture: Display: Building textures: Texture2D_98 (BGRA8, 32X32)
[2019.10.23-00.44.40:651][466]LogTexture: Display: Building textures: Texture2D_107 (BGRA8, 32X32)
[2019.10.23-00.44.51:070][814]Cmd: TRANSACTION UNDO
[2019.10.23-00.44.51:070][814]LogEditorTransaction: Undo Landscape Editing: Flatten
[2019.10.23-00.44.51:134][814]LogTexture: Display: Building textures: Texture2D_100 (BGRA8, 32X32)
[2019.10.23-00.44.51:138][814]LogTexture: Display: Building textures: Texture2D_99 (BGRA8, 32X32)
[2019.10.23-00.44.51:142][814]LogTexture: Display: Building textures: Texture2D_107 (BGRA8, 32X32)
[2019.10.23-00.44.51:147][814]LogTexture: Display: Building textures: Texture2D_108 (BGRA8, 32X32)
[2019.10.23-00.44.57:116][ 17]LogSlate: FSceneViewport::OnFocusLost() reason 0
[2019.10.23-00.45.00:068][154]Cmd: TRANSACTION UNDO
[2019.10.23-00.45.00:068][154]LogEditorTransaction: Undo Landscape Editing: Flatten
[2019.10.23-00.45.00:129][154]LogTexture: Display: Building textures: Texture2D_107 (BGRA8, 32X32)
[2019.10.23-00.45.00:133][154]LogTexture: Display: Building textures: Texture2D_99 (BGRA8, 32X32)
[2019.10.23-00.45.00:137][154]LogTexture: Display: Building textures: Texture2D_100 (BGRA8, 32X32)
[2019.10.23-00.45.00:142][154]LogTexture: Display: Building textures: Texture2D_108 (BGRA8, 32X32)
[2019.10.23-00.45.10:465][495]LogSlate: FSceneViewport::OnFocusLost() reason 2
[2019.10.23-00.45.20:619][894]LogSlate: FSceneViewport::OnFocusLost() reason 0
[2019.10.23-00.45.29:088][177]LogSlate: FSceneViewport::OnFocusLost() reason 0
[2019.10.23-00.45.30:911][245]Cmd: TRANSACTION UNDO
[2019.10.23-00.45.30:911][245]LogEditorTransaction: Undo Clicking on Actors
[2019.10.23-00.45.36:114][502]LogNavigationPoint: PostEditMove Clear paths rebuilt
[2019.10.23-00.45.38:431][574]LogNavigationPoint: PostEditMove Clear paths rebuilt
[2019.10.23-00.45.39:990][622]LogNavigationPoint: PostEditMove Clear paths rebuilt
[2019.10.23-00.45.40:220][628]LogEditorViewport: Clicking on Actor (LMB): Landscape (Landscape)
[2019.10.23-00.45.42:718][699]LogEditorViewport: Clicking on Actor (LMB): PlayerStart (Player Start)
[2019.10.23-00.45.45:176][779]LogNavigationPoint: PostEditMove Clear paths rebuilt
[2019.10.23-00.45.46:085][808]LogNavigationPoint: PostEditMove Clear paths rebuilt
[2019.10.23-00.45.48:881][900]LogNavigationPoint: PostEditMove Clear paths rebuilt
[2019.10.23-00.45.49:890][932]LogSlate: FSceneViewport::OnFocusLost() reason 0
[2019.10.23-00.45.51:939][  3]LogNavigationPoint: PostEditMove Clear paths rebuilt
[2019.10.23-00.45.53:184][ 43]LogSlate: FSceneViewport::OnFocusLost() reason 0
[2019.10.23-00.45.53:261][ 47]LogTemp: Repeating last play command: Selected Viewport
[2019.10.23-00.45.53:270][ 47]LogBlueprintUserMessages: Early PlayInEditor Detection: Level '/Game/Maps/spoopylevel.spoopylevel:PersistentLevel' has LevelScriptBlueprint '/Game/Maps/spoopylevel.spoopylevel:PersistentLevel.spoopylevel' with GeneratedClass '/Game/Maps/spoopylevel.spoopylevel_C' with ClassGeneratedBy '/Game/Maps/spoopylevel.spoopylevel:PersistentLevel.spoopylevel'
[2019.10.23-00.45.53:270][ 47]LogPlayLevel: PlayLevel: No blueprints needed recompiling
[2019.10.23-00.45.53:270][ 47]PIE: New page: PIE session: spoopylevel (Oct 22, 2019, 2:45:53 PM)
[2019.10.23-00.45.53:283][ 47]LogPlayLevel: Creating play world package: /Game/Maps/UEDPIE_0_spoopylevel
[2019.10.23-00.45.53:303][ 47]LogPlayLevel: PIE: StaticDuplicateObject took: (0.020441s)
[2019.10.23-00.45.53:304][ 47]LogAIModule: Creating AISystem for world spoopylevel
[2019.10.23-00.45.53:304][ 47]LogPlayLevel: PIE: World Init took: (0.000919s)
[2019.10.23-00.45.53:304][ 47]LogPlayLevel: PIE: Created PIE world by copying editor world from /Game/Maps/spoopylevel.spoopylevel to /Game/Maps/UEDPIE_0_spoopylevel.spoopylevel (0.021608s)
[2019.10.23-00.45.53:327][ 47]LogUObjectHash: Compacting FUObjectHashTables data took   1.67ms
[2019.10.23-00.45.53:330][ 47]LogInit: XAudio2 using 'Speakers / Headphones (Realtek High Definition Audio)' : 2 channels at 48 kHz using 32 bits per sample (channel mask 0x3)
[2019.10.23-00.45.53:356][ 47]LogInit: FAudioDevice initialized.
[2019.10.23-00.45.53:398][ 47]LogLoad: Game class is 'ThirdPersonGameMode_C'
[2019.10.23-00.45.53:400][ 47]LogWorld: Bringing World /Game/Maps/UEDPIE_0_spoopylevel.spoopylevel up for play (max tick rate 0) at 2019.10.22-19.45.53
[2019.10.23-00.45.53:401][ 47]LogWorld: Bringing up level for play took: 0.001351
[2019.10.23-00.45.53:422][ 47]LogContentBrowser: Native class hierarchy updated for 'MovieSceneCapture' in 0.0003 seconds. Added 20 classes and 0 folders.
[2019.10.23-00.45.53:425][ 47]PIE: Play in editor start time for /Game/Maps/UEDPIE_0_spoopylevel -0.688
[2019.10.23-00.45.53:425][ 47]LogBlueprintUserMessages: Late PlayInEditor Detection: Level '/Game/Maps/spoopylevel.spoopylevel:PersistentLevel' has LevelScriptBlueprint '/Game/Maps/spoopylevel.spoopylevel:PersistentLevel.spoopylevel' with GeneratedClass '/Game/Maps/spoopylevel.spoopylevel_C' with ClassGeneratedBy '/Game/Maps/spoopylevel.spoopylevel:PersistentLevel.spoopylevel'
[2019.10.23-00.45.54:223][ 77]LogBlueprintUserMessages: Early EndPlayMap Detection: Level '/Game/Maps/spoopylevel.spoopylevel:PersistentLevel' has LevelScriptBlueprint '/Game/Maps/spoopylevel.spoopylevel:PersistentLevel.spoopylevel' with GeneratedClass '/Game/Maps/spoopylevel.spoopylevel_C' with ClassGeneratedBy '/Game/Maps/spoopylevel.spoopylevel:PersistentLevel.spoopylevel'
[2019.10.23-00.45.54:223][ 77]LogSlate: Updating window title bar state: overlay mode, drag disabled, window buttons hidden, title bar hidden
[2019.10.23-00.45.54:281][ 77]LogPlayLevel: Display: Shutting down PIE online subsystems
[2019.10.23-00.45.54:281][ 77]LogBlueprintUserMessages: Late EndPlayMap Detection: Level '/Game/Maps/spoopylevel.spoopylevel:PersistentLevel' has LevelScriptBlueprint '/Game/Maps/spoopylevel.spoopylevel:PersistentLevel.spoopylevel' with GeneratedClass '/Game/Maps/spoopylevel.spoopylevel_C' with ClassGeneratedBy '/Game/Maps/spoopylevel.spoopylevel:PersistentLevel.spoopylevel'
[2019.10.23-00.45.54:306][ 77]LogSlate: Updating window title bar state: overlay mode, drag disabled, window buttons hidden, title bar hidden
[2019.10.23-00.45.54:309][ 77]LogUObjectHash: Compacting FUObjectHashTables data took   1.83ms
[2019.10.23-00.45.54:328][ 79]LogPlayLevel: Display: Destroying online subsystem :Context_1
[2019.10.23-00.45.57:500][182]LogEditorViewport: Clicking on Actor (LMB): PlayerStart (Player Start)
[2019.10.23-00.45.58:798][226]LogSlate: FSceneViewport::OnFocusLost() reason 0
[2019.10.23-00.46.01:603][323]LogNavigationPoint: PostEditMove Clear paths rebuilt
[2019.10.23-00.46.03:603][385]LogEditorViewport: Clicking on Actor (LMB): SkyLight (SkyLight)
[2019.10.23-00.46.04:484][406]LogEditorViewport: Clicking on Actor (LMB): DirectionalLight (Light Source)
[2019.10.23-00.46.05:562][440]LogSlate: FSceneViewport::OnFocusLost() reason 0
[2019.10.23-00.46.16:220][792]LogSlate: FSceneViewport::OnFocusLost() reason 2
[2019.10.23-00.46.17:193][902]LogSlate: FSceneViewport::OnFocusLost() reason 2
[2019.10.23-00.46.29:030][668]LogSlate: FSceneViewport::OnFocusLost() reason 0
[2019.10.23-00.46.40:604][ 87]LogSlate: FSceneViewport::OnFocusLost() reason 2
[2019.10.23-00.46.42:370][210]LogSlate: FSceneViewport::OnFocusLost() reason 0
[2019.10.23-00.46.45:241][362]LogTexture: Display: Building textures: Texture2D_0 (BGRA8, 32X32)
[2019.10.23-00.46.46:618][409]LogTexture: Display: Building textures: Texture2D_1 (BGRA8, 32X32)
[2019.10.23-00.46.48:751][479]LogTexture: Display: Building textures: Texture2D_2 (BGRA8, 32X32)
[2019.10.23-00.46.52:493][605]LogSlate: FSceneViewport::OnFocusLost() reason 0
[2019.10.23-00.47.01:592][ 14]Cmd: TRANSACTION UNDO
[2019.10.23-00.47.01:592][ 14]LogEditorTransaction: Undo Landscape Editing: Sculpt
[2019.10.23-00.47.01:660][ 14]LogTexture: Display: Building textures: Texture2D_98 (BGRA8, 32X32)
[2019.10.23-00.47.01:663][ 14]LogTexture: Display: Building textures: Texture2D_90 (BGRA8, 32X32)
[2019.10.23-00.47.01:670][ 14]LogTexture: Display: Building textures: Texture2D_114 (BGRA8, 32X32)
[2019.10.23-00.47.01:674][ 14]LogTexture: Display: Building textures: Texture2D_0 (BGRA8, 32X32)
[2019.10.23-00.47.01:679][ 14]LogTexture: Display: Building textures: Texture2D_106 (BGRA8, 32X32)
[2019.10.23-00.47.01:683][ 14]LogTexture: Display: Building textures: Texture2D_2 (BGRA8, 32X32)
[2019.10.23-00.47.05:816][153]LogSlate: FSceneViewport::OnFocusLost() reason 2
[2019.10.23-00.47.26:796][958]LogSlate: FSceneViewport::OnFocusLost() reason 0
[2019.10.23-00.47.26:887][964]LogTemp: Repeating last play command: Selected Viewport
[2019.10.23-00.47.27:200][964]LogBlueprintUserMessages: Early PlayInEditor Detection: Level '/Game/Maps/spoopylevel.spoopylevel:PersistentLevel' has LevelScriptBlueprint '/Game/Maps/spoopylevel.spoopylevel:PersistentLevel.spoopylevel' with GeneratedClass '/Game/Maps/spoopylevel.spoopylevel_C' with ClassGeneratedBy '/Game/Maps/spoopylevel.spoopylevel:PersistentLevel.spoopylevel'
[2019.10.23-00.47.27:201][964]LogPlayLevel: PlayLevel: No blueprints needed recompiling
[2019.10.23-00.47.27:201][964]PIE: New page: PIE session: spoopylevel (Oct 22, 2019, 2:47:27 PM)
[2019.10.23-00.47.27:201][964]LogPlayLevel: Creating play world package: /Game/Maps/UEDPIE_0_spoopylevel
[2019.10.23-00.47.27:221][964]LogPlayLevel: PIE: StaticDuplicateObject took: (0.019953s)
[2019.10.23-00.47.27:222][964]LogAIModule: Creating AISystem for world spoopylevel
[2019.10.23-00.47.27:222][964]LogPlayLevel: PIE: World Init took: (0.001011s)
[2019.10.23-00.47.27:222][964]LogPlayLevel: PIE: Created PIE world by copying editor world from /Game/Maps/spoopylevel.spoopylevel to /Game/Maps/UEDPIE_0_spoopylevel.spoopylevel (0.021445s)
[2019.10.23-00.47.27:246][964]LogUObjectHash: Compacting FUObjectHashTables data took   1.10ms
[2019.10.23-00.47.27:253][964]LogInit: XAudio2 using 'Speakers / Headphones (Realtek High Definition Audio)' : 2 channels at 48 kHz using 32 bits per sample (channel mask 0x3)
[2019.10.23-00.47.27:277][964]LogInit: FAudioDevice initialized.
[2019.10.23-00.47.27:306][964]LogLoad: Game class is 'ThirdPersonGameMode_C'
[2019.10.23-00.47.27:308][964]LogWorld: Bringing World /Game/Maps/UEDPIE_0_spoopylevel.spoopylevel up for play (max tick rate 0) at 2019.10.22-19.47.27
[2019.10.23-00.47.27:308][964]LogWorld: Bringing up level for play took: 0.001526
[2019.10.23-00.47.27:322][964]PIE: Play in editor start time for /Game/Maps/UEDPIE_0_spoopylevel -0.794
[2019.10.23-00.47.27:322][964]LogBlueprintUserMessages: Late PlayInEditor Detection: Level '/Game/Maps/spoopylevel.spoopylevel:PersistentLevel' has LevelScriptBlueprint '/Game/Maps/spoopylevel.spoopylevel:PersistentLevel.spoopylevel' with GeneratedClass '/Game/Maps/spoopylevel.spoopylevel_C' with ClassGeneratedBy '/Game/Maps/spoopylevel.spoopylevel:PersistentLevel.spoopylevel'
[2019.10.23-00.47.33:285][188]LogBlueprintUserMessages: Early EndPlayMap Detection: Level '/Game/Maps/spoopylevel.spoopylevel:PersistentLevel' has LevelScriptBlueprint '/Game/Maps/spoopylevel.spoopylevel:PersistentLevel.spoopylevel' with GeneratedClass '/Game/Maps/spoopylevel.spoopylevel_C' with ClassGeneratedBy '/Game/Maps/spoopylevel.spoopylevel:PersistentLevel.spoopylevel'
[2019.10.23-00.47.33:285][188]LogSlate: Updating window title bar state: overlay mode, drag disabled, window buttons hidden, title bar hidden
[2019.10.23-00.47.33:341][188]LogPlayLevel: Display: Shutting down PIE online subsystems
[2019.10.23-00.47.33:341][188]LogBlueprintUserMessages: Late EndPlayMap Detection: Level '/Game/Maps/spoopylevel.spoopylevel:PersistentLevel' has LevelScriptBlueprint '/Game/Maps/spoopylevel.spoopylevel:PersistentLevel.spoopylevel' with GeneratedClass '/Game/Maps/spoopylevel.spoopylevel_C' with ClassGeneratedBy '/Game/Maps/spoopylevel.spoopylevel:PersistentLevel.spoopylevel'
[2019.10.23-00.47.33:367][188]LogSlate: Updating window title bar state: overlay mode, drag disabled, window buttons hidden, title bar hidden
[2019.10.23-00.47.33:370][188]LogUObjectHash: Compacting FUObjectHashTables data took   1.23ms
[2019.10.23-00.47.33:388][189]LogPlayLevel: Display: Destroying online subsystem :Context_2
[2019.10.23-00.48.05:313][254]LogSlate: FSceneViewport::OnFocusLost() reason 2
[2019.10.23-00.48.29:223][ 51]LogSlate: FSceneViewport::OnFocusLost() reason 2
[2019.10.23-00.48.45:395][556]Cmd: TRANSACTION UNDO
[2019.10.23-00.48.45:395][556]LogEditorTransaction: Undo Landscape Editing: Flatten
[2019.10.23-00.48.45:467][556]LogTexture: Display: Building textures: Texture2D_94 (BGRA8, 32X32)
[2019.10.23-00.48.45:472][556]LogTexture: Display: Building textures: Texture2D_107 (BGRA8, 32X32)
[2019.10.23-00.48.45:477][556]LogTexture: Display: Building textures: Texture2D_100 (BGRA8, 32X32)
[2019.10.23-00.48.45:480][556]LogTexture: Display: Building textures: Texture2D_92 (BGRA8, 32X32)
[2019.10.23-00.48.45:548][556]LogTexture: Display: Building textures: Texture2D_108 (BGRA8, 32X32)
[2019.10.23-00.48.45:552][556]LogTexture: Display: Building textures: Texture2D_91 (BGRA8, 32X32)
[2019.10.23-00.48.45:556][556]LogTexture: Display: Building textures: Texture2D_99 (BGRA8, 32X32)
[2019.10.23-00.48.45:562][556]LogTexture: Display: Building textures: Texture2D_93 (BGRA8, 32X32)
[2019.10.23-00.48.45:568][556]LogTexture: Display: Building textures: Texture2D_110 (BGRA8, 32X32)
[2019.10.23-00.48.45:574][556]LogTexture: Display: Building textures: Texture2D_109 (BGRA8, 32X32)
[2019.10.23-00.48.45:582][556]LogTexture: Display: Building textures: Texture2D_101 (BGRA8, 32X32)
[2019.10.23-00.48.45:589][556]LogTexture: Display: Building textures: Texture2D_102 (BGRA8, 32X32)
[2019.10.23-00.49.19:946][683]LogSlate: FSceneViewport::OnFocusLost() reason 0
[2019.10.23-00.49.55:577][882]LogSlate: FSceneViewport::OnFocusLost() reason 2
[2019.10.23-00.50.00:155][ 39]LogSlate: FSceneViewport::OnFocusLost() reason 2
[2019.10.23-00.50.04:905][202]LogSlate: FSceneViewport::OnFocusLost() reason 2
[2019.10.23-00.50.22:088][782]LogSlate: FSceneViewport::OnFocusLost() reason 0
[2019.10.23-00.50.30:373][ 56]LogSlate: FSceneViewport::OnFocusLost() reason 2
[2019.10.23-00.50.35:638][231]Cmd: TRANSACTION UNDO
[2019.10.23-00.50.35:638][231]LogEditorTransaction: Undo Landscape Editing: Sculpt
[2019.10.23-00.50.35:657][231]LogTexture: Display: Building textures: Texture2D_102 (BGRA8, 32X32)
[2019.10.23-00.50.35:660][231]LogTexture: Display: Building textures: Texture2D_94 (BGRA8, 32X32)
[2019.10.23-00.50.47:139][608]LogSlate: FSceneViewport::OnFocusLost() reason 2
[2019.10.23-00.50.52:050][774]Cmd: TRANSACTION UNDO
[2019.10.23-00.50.52:050][774]LogEditorTransaction: Undo Landscape Editing: Sculpt
[2019.10.23-00.50.52:104][774]LogTexture: Display: Building textures: Texture2D_110 (BGRA8, 32X32)
[2019.10.23-00.50.52:108][774]LogTexture: Display: Building textures: Texture2D_111 (BGRA8, 32X32)
[2019.10.23-00.50.52:119][774]LogTexture: Display: Building textures: Texture2D_103 (BGRA8, 32X32)
[2019.10.23-00.50.52:122][774]LogTexture: Display: Building textures: Texture2D_102 (BGRA8, 32X32)
[2019.10.23-00.50.52:233][779]Cmd: TRANSACTION UNDO
[2019.10.23-00.50.52:233][779]LogEditorTransaction: Undo Landscape Editing: Sculpt
[2019.10.23-00.50.52:280][779]LogTexture: Display: Building textures: Texture2D_103 (BGRA8, 32X32)
[2019.10.23-00.50.52:282][779]LogTexture: Display: Building textures: Texture2D_111 (BGRA8, 32X32)
[2019.10.23-00.50.52:770][795]Cmd: TRANSACTION UNDO
[2019.10.23-00.50.52:770][795]LogEditorTransaction: Undo Landscape Editing: Sculpt
[2019.10.23-00.50.52:833][795]LogTexture: Display: Building textures: Texture2D_110 (BGRA8, 32X32)
[2019.10.23-00.50.52:836][795]LogTexture: Display: Building textures: Texture2D_111 (BGRA8, 32X32)
[2019.10.23-00.50.52:838][795]LogTexture: Display: Building textures: Texture2D_103 (BGRA8, 32X32)
[2019.10.23-00.50.52:841][795]LogTexture: Display: Building textures: Texture2D_102 (BGRA8, 32X32)
[2019.10.23-00.50.53:106][803]LogSlate: FSceneViewport::OnFocusLost() reason 2
[2019.10.23-00.50.54:012][831]LogSlate: FSceneViewport::OnFocusLost() reason 2
[2019.10.23-00.51.07:285][282]LogSlate: FSceneViewport::OnFocusLost() reason 2
[2019.10.23-00.51.23:451][830]LogSlate: FSceneViewport::OnFocusLost() reason 2
[2019.10.23-00.51.26:717][940]Cmd: TRANSACTION UNDO
[2019.10.23-00.51.26:717][940]LogEditorTransaction: Undo Landscape Editing: Sculpt
[2019.10.23-00.51.26:763][940]LogTexture: Display: Building textures: Texture2D_91 (BGRA8, 32X32)
[2019.10.23-00.51.26:767][940]LogTexture: Display: Building textures: Texture2D_99 (BGRA8, 32X32)
[2019.10.23-00.51.27:214][955]Cmd: TRANSACTION UNDO
[2019.10.23-00.51.27:214][955]LogEditorTransaction: Undo Landscape Editing: Sculpt
[2019.10.23-00.51.27:230][955]LogTexture: Display: Building textures: Texture2D_91 (BGRA8, 32X32)
[2019.10.23-00.51.27:233][955]LogTexture: Display: Building textures: Texture2D_99 (BGRA8, 32X32)
[2019.10.23-00.51.43:777][523]LogSlate: FSceneViewport::OnFocusLost() reason 2
[2019.10.23-00.51.51:696][788]Cmd: TRANSACTION UNDO
[2019.10.23-00.51.51:696][788]LogEditorTransaction: Undo Landscape Editing: Smooth
[2019.10.23-00.51.51:742][788]LogTexture: Display: Building textures: Texture2D_98 (BGRA8, 32X32)
[2019.10.23-00.51.51:747][788]LogTexture: Display: Building textures: Texture2D_99 (BGRA8, 32X32)
[2019.10.23-00.52.27:478][998]LogSlate: FSceneViewport::OnFocusLost() reason 0
[2019.10.23-00.52.36:687][321]Cmd: TRANSACTION UNDO
[2019.10.23-00.52.36:687][321]LogEditorTransaction: Undo Landscape Editing: Sculpt
[2019.10.23-00.52.36:761][321]LogTexture: Display: Building textures: Texture2D_70 (BGRA8, 32X32)
[2019.10.23-00.52.36:766][321]LogTexture: Display: Building textures: Texture2D_77 (BGRA8, 32X32)
[2019.10.23-00.52.36:770][321]LogTexture: Display: Building textures: Texture2D_75 (BGRA8, 32X32)
[2019.10.23-00.52.36:773][321]LogTexture: Display: Building textures: Texture2D_76 (BGRA8, 32X32)
[2019.10.23-00.52.36:777][321]LogTexture: Display: Building textures: Texture2D_69 (BGRA8, 32X32)
[2019.10.23-00.52.36:781][321]LogTexture: Display: Building textures: Texture2D_68 (BGRA8, 32X32)
[2019.10.23-00.52.36:785][321]LogTexture: Display: Building textures: Texture2D_66 (BGRA8, 32X32)
[2019.10.23-00.52.36:789][321]LogTexture: Display: Building textures: Texture2D_67 (BGRA8, 32X32)
[2019.10.23-00.52.46:682][657]LogSlate: FSceneViewport::OnFocusLost() reason 0
[2019.10.23-00.52.48:530][721]LogTexture: Display: Building textures: Texture2D_3 (BGRA8, 32X32)
[2019.10.23-00.52.49:470][754]LogTexture: Display: Building textures: Texture2D_4 (BGRA8, 32X32)
[2019.10.23-00.52.50:186][779]LogTexture: Display: Building textures: Texture2D_5 (BGRA8, 32X32)
[2019.10.23-00.52.53:679][900]LogSlate: FSceneViewport::OnFocusLost() reason 0
[2019.10.23-00.53.03:998][253]LogSlate: FSceneViewport::OnFocusLost() reason 2
[2019.10.23-00.53.05:304][297]LogSlate: FSceneViewport::OnFocusLost() reason 0
[2019.10.23-00.53.07:761][382]Cmd: TRANSACTION UNDO
[2019.10.23-00.53.07:761][382]LogEditorTransaction: Undo Landscape Editing: Smooth
[2019.10.23-00.53.07:823][382]LogTexture: Display: Building textures: Texture2D_69 (BGRA8, 32X32)
[2019.10.23-00.53.07:826][382]LogTexture: Display: Building textures: Texture2D_68 (BGRA8, 32X32)
[2019.10.23-00.53.07:831][382]LogTexture: Display: Building textures: Texture2D_77 (BGRA8, 32X32)
[2019.10.23-00.53.07:836][382]LogTexture: Display: Building textures: Texture2D_76 (BGRA8, 32X32)
[2019.10.23-00.53.07:996][387]Cmd: TRANSACTION UNDO
[2019.10.23-00.53.07:996][387]LogEditorTransaction: Undo Landscape Editing: Smooth
[2019.10.23-00.53.08:027][387]LogTexture: Display: Building textures: Texture2D_84 (BGRA8, 32X32)
[2019.10.23-00.53.08:030][387]LogTexture: Display: Building textures: Texture2D_77 (BGRA8, 32X32)
[2019.10.23-00.53.08:034][387]LogTexture: Display: Building textures: Texture2D_76 (BGRA8, 32X32)
[2019.10.23-00.53.08:038][387]LogTexture: Display: Building textures: Texture2D_85 (BGRA8, 32X32)
[2019.10.23-00.53.08:281][396]Cmd: TRANSACTION UNDO
[2019.10.23-00.53.08:281][396]LogEditorTransaction: Undo Landscape Editing: Smooth
[2019.10.23-00.53.08:342][396]LogTexture: Display: Building textures: Texture2D_84 (BGRA8, 32X32)
[2019.10.23-00.53.08:345][396]LogTexture: Display: Building textures: Texture2D_85 (BGRA8, 32X32)
[2019.10.23-00.53.08:348][396]LogTexture: Display: Building textures: Texture2D_77 (BGRA8, 32X32)
[2019.10.23-00.53.08:352][396]LogTexture: Display: Building textures: Texture2D_76 (BGRA8, 32X32)
[2019.10.23-00.53.08:622][406]Cmd: TRANSACTION UNDO
[2019.10.23-00.53.08:622][406]LogEditorTransaction: Undo Landscape Editing: Smooth
[2019.10.23-00.53.09:023][419]Cmd: TRANSACTION UNDO
[2019.10.23-00.53.09:023][419]LogEditorTransaction: Undo Edit Brush Size
[2019.10.23-00.53.10:346][462]LogSlate: FSceneViewport::OnFocusLost() reason 0
[2019.10.23-00.53.58:067][ 93]LogSlate: FSceneViewport::OnFocusLost() reason 0
[2019.10.23-00.54.25:790][ 47]LogSlate: FSceneViewport::OnFocusLost() reason 2
[2019.10.23-00.54.29:018][157]LogSlate: FSceneViewport::OnFocusLost() reason 0
[2019.10.23-00.54.51:804][916]LogSlate: FSceneViewport::OnFocusLost() reason 2
[2019.10.23-00.54.54:795][ 17]LogSlate: FSceneViewport::OnFocusLost() reason 2
[2019.10.23-00.54.58:375][137]LogSlate: FSceneViewport::OnFocusLost() reason 2
[2019.10.23-00.54.59:568][177]Cmd: TRANSACTION UNDO
[2019.10.23-00.54.59:568][177]LogEditorTransaction: Undo Landscape Editing: Smooth
[2019.10.23-00.54.59:615][177]LogTexture: Display: Building textures: Texture2D_99 (BGRA8, 32X32)
[2019.10.23-00.54.59:619][177]LogTexture: Display: Building textures: Texture2D_107 (BGRA8, 32X32)
[2019.10.23-00.55.00:015][187]Cmd: TRANSACTION UNDO
[2019.10.23-00.55.00:015][187]LogEditorTransaction: Undo Landscape Editing: Smooth
[2019.10.23-00.55.00:046][187]LogTexture: Display: Building textures: Texture2D_107 (BGRA8, 32X32)
[2019.10.23-00.55.00:049][187]LogTexture: Display: Building textures: Texture2D_100 (BGRA8, 32X32)
[2019.10.23-00.55.00:054][187]LogTexture: Display: Building textures: Texture2D_99 (BGRA8, 32X32)
[2019.10.23-00.55.00:058][187]LogTexture: Display: Building textures: Texture2D_108 (BGRA8, 32X32)
[2019.10.23-00.55.00:542][201]Cmd: TRANSACTION UNDO
[2019.10.23-00.55.00:543][201]LogEditorTransaction: Undo Landscape Editing: Smooth
[2019.10.23-00.55.00:604][201]LogTexture: Display: Building textures: Texture2D_107 (BGRA8, 32X32)
[2019.10.23-00.55.00:606][201]LogTexture: Display: Building textures: Texture2D_100 (BGRA8, 32X32)
[2019.10.23-00.55.00:610][201]LogTexture: Display: Building textures: Texture2D_99 (BGRA8, 32X32)
[2019.10.23-00.55.00:613][201]LogTexture: Display: Building textures: Texture2D_108 (BGRA8, 32X32)
[2019.10.23-00.55.01:030][213]Cmd: TRANSACTION UNDO
[2019.10.23-00.55.01:030][213]LogEditorTransaction: Undo Landscape Editing: Smooth
[2019.10.23-00.55.01:091][213]LogTexture: Display: Building textures: Texture2D_107 (BGRA8, 32X32)
[2019.10.23-00.55.01:095][213]LogTexture: Display: Building textures: Texture2D_100 (BGRA8, 32X32)
[2019.10.23-00.55.01:098][213]LogTexture: Display: Building textures: Texture2D_99 (BGRA8, 32X32)
[2019.10.23-00.55.01:101][213]LogTexture: Display: Building textures: Texture2D_108 (BGRA8, 32X32)
[2019.10.23-00.55.01:517][225]Cmd: TRANSACTION UNDO
[2019.10.23-00.55.01:518][225]LogEditorTransaction: Undo Landscape Editing: Smooth
[2019.10.23-00.55.01:591][225]LogTexture: Display: Building textures: Texture2D_107 (BGRA8, 32X32)
[2019.10.23-00.55.01:628][225]LogTexture: Display: Building textures: Texture2D_108 (BGRA8, 32X32)
[2019.10.23-00.55.01:631][225]LogTexture: Display: Building textures: Texture2D_100 (BGRA8, 32X32)
[2019.10.23-00.55.01:634][225]LogTexture: Display: Building textures: Texture2D_99 (BGRA8, 32X32)
[2019.10.23-00.55.01:638][225]LogTexture: Display: Building textures: Texture2D_92 (BGRA8, 32X32)
[2019.10.23-00.55.01:642][225]LogTexture: Display: Building textures: Texture2D_91 (BGRA8, 32X32)
[2019.10.23-00.55.14:590][663]LogSlate: FSceneViewport::OnFocusLost() reason 2
[2019.10.23-00.55.21:252][879]LogSlate: FSceneViewport::OnFocusLost() reason 2
[2019.10.23-00.56.04:457][359]LogSlate: FSceneViewport::OnFocusLost() reason 2
[2019.10.23-00.56.04:970][359]LogUObjectHash: Compacting FUObjectHashTables data took   1.32ms
[2019.10.23-00.56.05:019][359]LogTexture: Display: Building textures: Texture2D_100 (BGRA8, 32X32)
[2019.10.23-00.56.05:019][359]LogTexture: Display: Building textures: Texture2D_101 (BGRA8, 32X32)
[2019.10.23-00.56.05:020][359]LogTexture: Display: Building textures: Texture2D_102 (BGRA8, 32X32)
[2019.10.23-00.56.05:021][359]LogTexture: Display: Building textures: Texture2D_103 (BGRA8, 32X32)
[2019.10.23-00.56.05:021][359]LogTexture: Display: Building textures: Texture2D_106 (BGRA8, 32X32)
[2019.10.23-00.56.05:021][359]LogTexture: Display: Building textures: Texture2D_107 (BGRA8, 32X32)
[2019.10.23-00.56.05:022][359]LogTexture: Display: Building textures: Texture2D_108 (BGRA8, 32X32)
[2019.10.23-00.56.05:022][359]LogTexture: Display: Building textures: Texture2D_109 (BGRA8, 32X32)
[2019.10.23-00.56.05:023][359]LogTexture: Display: Building textures: Texture2D_110 (BGRA8, 32X32)
[2019.10.23-00.56.05:023][359]LogTexture: Display: Building textures: Texture2D_111 (BGRA8, 32X32)
[2019.10.23-00.56.05:023][359]LogTexture: Display: Building textures: Texture2D_114 (BGRA8, 32X32)
[2019.10.23-00.56.05:024][359]LogTexture: Display: Building textures: Texture2D_115 (BGRA8, 32X32)
[2019.10.23-00.56.05:024][359]LogTexture: Display: Building textures: Texture2D_116 (BGRA8, 32X32)
[2019.10.23-00.56.05:024][359]LogTexture: Display: Building textures: Texture2D_117 (BGRA8, 32X32)
[2019.10.23-00.56.05:025][359]LogTexture: Display: Building textures: Texture2D_118 (BGRA8, 32X32)
[2019.10.23-00.56.05:025][359]LogTexture: Display: Building textures: Texture2D_119 (BGRA8, 32X32)
[2019.10.23-00.56.05:025][359]LogTexture: Display: Building textures: Texture2D_66 (BGRA8, 32X32)
[2019.10.23-00.56.05:026][359]LogTexture: Display: Building textures: Texture2D_67 (BGRA8, 32X32)
[2019.10.23-00.56.05:026][359]LogTexture: Display: Building textures: Texture2D_68 (BGRA8, 32X32)
[2019.10.23-00.56.05:026][359]LogTexture: Display: Building textures: Texture2D_69 (BGRA8, 32X32)
[2019.10.23-00.56.05:027][359]LogTexture: Display: Building textures: Texture2D_70 (BGRA8, 32X32)
[2019.10.23-00.56.05:027][359]LogTexture: Display: Building textures: Texture2D_71 (BGRA8, 32X32)
[2019.10.23-00.56.05:027][359]LogTexture: Display: Building textures: Texture2D_74 (BGRA8, 32X32)
[2019.10.23-00.56.05:028][359]LogTexture: Display: Building textures: Texture2D_75 (BGRA8, 32X32)
[2019.10.23-00.56.05:028][359]LogTexture: Display: Building textures: Texture2D_76 (BGRA8, 32X32)
[2019.10.23-00.56.05:028][359]LogTexture: Display: Building textures: Texture2D_77 (BGRA8, 32X32)
[2019.10.23-00.56.05:029][359]LogTexture: Display: Building textures: Texture2D_78 (BGRA8, 32X32)
[2019.10.23-00.56.05:029][359]LogTexture: Display: Building textures: Texture2D_79 (BGRA8, 32X32)
[2019.10.23-00.56.05:029][359]LogTexture: Display: Building textures: Texture2D_82 (BGRA8, 32X32)
[2019.10.23-00.56.05:030][359]LogTexture: Display: Building textures: Texture2D_83 (BGRA8, 32X32)
[2019.10.23-00.56.05:030][359]LogTexture: Display: Building textures: Texture2D_84 (BGRA8, 32X32)
[2019.10.23-00.56.05:031][359]LogTexture: Display: Building textures: Texture2D_85 (BGRA8, 32X32)
[2019.10.23-00.56.05:031][359]LogTexture: Display: Building textures: Texture2D_86 (BGRA8, 32X32)
[2019.10.23-00.56.05:031][359]LogTexture: Display: Building textures: Texture2D_87 (BGRA8, 32X32)
[2019.10.23-00.56.05:109][359]LogTexture: Display: Building textures: Texture2D_90 (BGRA8, 32X32)
[2019.10.23-00.56.05:109][359]LogTexture: Display: Building textures: Texture2D_91 (BGRA8, 32X32)
[2019.10.23-00.56.05:110][359]LogTexture: Display: Building textures: Texture2D_92 (BGRA8, 32X32)
[2019.10.23-00.56.05:111][359]LogTexture: Display: Building textures: Texture2D_93 (BGRA8, 32X32)
[2019.10.23-00.56.05:111][359]LogTexture: Display: Building textures: Texture2D_94 (BGRA8, 32X32)
[2019.10.23-00.56.05:112][359]LogTexture: Display: Building textures: Texture2D_95 (BGRA8, 32X32)
[2019.10.23-00.56.05:112][359]LogTexture: Display: Building textures: Texture2D_98 (BGRA8, 32X32)
[2019.10.23-00.56.05:114][359]LogTexture: Display: Building textures: Texture2D_99 (BGRA8, 32X32)
[2019.10.23-00.56.05:274][359]LogTexture: Display: Building textures: Texture2D_0 (BGRA8, 32X32)
[2019.10.23-00.56.05:274][359]LogTexture: Display: Building textures: Texture2D_1 (BGRA8, 32X32)
[2019.10.23-00.56.05:275][359]LogTexture: Display: Building textures: Texture2D_2 (BGRA8, 32X32)
[2019.10.23-00.56.05:275][359]LogTexture: Display: Building textures: Texture2D_3 (BGRA8, 32X32)
[2019.10.23-00.56.05:276][359]LogTexture: Display: Building textures: Texture2D_4 (BGRA8, 32X32)
[2019.10.23-00.56.05:276][359]LogTexture: Display: Building textures: Texture2D_5 (BGRA8, 32X32)
[2019.10.23-00.56.05:616][359]LogSavePackage: Moving 'E:/level design 2 stuff/github stuff/spoopylevel/MMartinSpoopy/Saved/spoopylevel_Auto1F887BDD14ECBD9223DBE73BE50853300.tmp' to 'E:/level design 2 stuff/github stuff/spoopylevel/MMartinSpoopy/Saved/Autosaves/Game/Maps/spoopylevel_Auto1.umap'
[2019.10.23-00.56.05:710][359]LogFileHelpers: Editor autosave (incl. sublevels) for '/Game/Maps/spoopylevel' took 0.766
[2019.10.23-00.56.05:710][359]LogFileHelpers: Editor autosave (incl. sublevels) for all levels took 0.766
[2019.10.23-00.57.07:343][487]LogSlate: FSceneViewport::OnFocusLost() reason 0
[2019.10.23-00.57.09:815][570]LogActorComponent: UnregisterComponent: (/Engine/Transient.SphereBrushComponent) Not registered. Aborting.
[2019.10.23-00.57.12:208][649]Cmd: OBJ SAVEPACKAGE PACKAGE="/Game/Maps/spoopylevel" FILE="E:/level design 2 stuff/github stuff/spoopylevel/MMartinSpoopy/Content/Maps/spoopylevel.umap" SILENT=true AUTOSAVING=false KEEPDIRTY=false
[2019.10.23-00.57.12:233][649]LogUObjectHash: Compacting FUObjectHashTables data took   1.85ms
[2019.10.23-00.57.12:328][649]LogTexture: Display: Building textures: Texture2D_91 (BGRA8, 32X32)
[2019.10.23-00.57.12:328][649]LogTexture: Display: Building textures: Texture2D_92 (BGRA8, 32X32)
[2019.10.23-00.57.12:389][649]LogTexture: Display: Building textures: Texture2D_99 (BGRA8, 32X32)
[2019.10.23-00.57.12:390][649]LogTexture: Display: Building textures: Texture2D_100 (BGRA8, 32X32)
[2019.10.23-00.57.12:390][649]LogTexture: Display: Building textures: Texture2D_107 (BGRA8, 32X32)
[2019.10.23-00.57.12:390][649]LogTexture: Display: Building textures: Texture2D_108 (BGRA8, 32X32)
[2019.10.23-00.57.12:680][649]LogSavePackage: Moving 'E:/level design 2 stuff/github stuff/spoopylevel/MMartinSpoopy/Saved/spoopylevel1F24145B4630A1B39CF88DADC010CD4A.tmp' to 'E:/level design 2 stuff/github stuff/spoopylevel/MMartinSpoopy/Content/Maps/spoopylevel.umap'
